{"C:\\Projetos\\Teste\\desafio-aiva\\src\\api\\axios.ts": {"path":"C:\\Projetos\\Teste\\desafio-aiva\\src\\api\\axios.ts","statementMap":{"0":{"start":{"line":1,"column":0},"end":{"line":1,"column":26}},"1":{"start":{"line":2,"column":0},"end":{"line":2,"column":39}},"2":{"start":{"line":3,"column":0},"end":{"line":3,"column":45}},"3":{"start":{"line":4,"column":0},"end":{"line":4,"column":56}},"4":{"start":{"line":6,"column":27},"end":{"line":14,"column":2}},"5":{"start":{"line":16,"column":13},"end":{"line":16,"column":52}},"6":{"start":{"line":19,"column":2},"end":{"line":24,"column":3}},"7":{"start":{"line":20,"column":25},"end":{"line":20,"column":41}},"8":{"start":{"line":21,"column":4},"end":{"line":21,"column":51}},"9":{"start":{"line":23,"column":4},"end":{"line":23,"column":16}},"10":{"start":{"line":27,"column":45},"end":{"line":27,"column":49}},"11":{"start":{"line":29,"column":0},"end":{"line":68,"column":3}},"12":{"start":{"line":29,"column":46},"end":{"line":68,"column":2}},"13":{"start":{"line":30,"column":32},"end":{"line":30,"column":55}},"14":{"start":{"line":31,"column":21},"end":{"line":31,"column":41}},"15":{"start":{"line":32,"column":24},"end":{"line":32,"column":45}},"16":{"start":{"line":34,"column":2},"end":{"line":65,"column":3}},"17":{"start":{"line":35,"column":16},"end":{"line":35,"column":41}},"18":{"start":{"line":36,"column":16},"end":{"line":36,"column":26}},"19":{"start":{"line":39,"column":4},"end":{"line":55,"column":5}},"20":{"start":{"line":41,"column":6},"end":{"line":51,"column":7}},"21":{"start":{"line":42,"column":8},"end":{"line":50,"column":13}},"22":{"start":{"line":44,"column":12},"end":{"line":44,"column":33}},"23":{"start":{"line":45,"column":12},"end":{"line":45,"column":50}},"24":{"start":{"line":46,"column":12},"end":{"line":46,"column":29}},"25":{"start":{"line":49,"column":12},"end":{"line":49,"column":37}},"26":{"start":{"line":54,"column":6},"end":{"line":54,"column":30}},"27":{"start":{"line":58,"column":4},"end":{"line":58,"column":64}},"28":{"start":{"line":60,"column":4},"end":{"line":64,"column":5}},"29":{"start":{"line":61,"column":6},"end":{"line":61,"column":68}},"30":{"start":{"line":63,"column":7},"end":{"line":63,"column":71}},"31":{"start":{"line":67,"column":2},"end":{"line":67,"column":16}},"32":{"start":{"line":70,"column":0},"end":{"line":75,"column":2}},"33":{"start":{"line":71,"column":16},"end":{"line":71,"column":24}},"34":{"start":{"line":72,"column":16},"end":{"line":74,"column":null}},"35":{"start":{"line":73,"column":4},"end":{"line":73,"column":31}}},"fnMap":{"0":{"name":"getTokenExp","decl":{"start":{"line":18,"column":9},"end":{"line":18,"column":20}},"loc":{"start":{"line":18,"column":34},"end":{"line":25,"column":1}}},"1":{"name":"(anonymous_9)","decl":{"start":{"line":29,"column":29},"end":{"line":29,"column":36}},"loc":{"start":{"line":29,"column":46},"end":{"line":68,"column":2}}},"2":{"name":"(anonymous_10)","decl":{"start":{"line":29,"column":46},"end":{"line":29,"column":null}},"loc":{"start":{"line":29,"column":46},"end":{"line":68,"column":1}}},"3":{"name":"(anonymous_11)","decl":{"start":{"line":43,"column":16},"end":{"line":43,"column":17}},"loc":{"start":{"line":43,"column":30},"end":{"line":47,"column":11}}},"4":{"name":"(anonymous_12)","decl":{"start":{"line":48,"column":19},"end":{"line":48,"column":22}},"loc":{"start":{"line":48,"column":24},"end":{"line":50,"column":11}}},"5":{"name":"(anonymous_13)","decl":{"start":{"line":71,"column":2},"end":{"line":71,"column":3}},"loc":{"start":{"line":71,"column":16},"end":{"line":71,"column":24}}},"6":{"name":"(anonymous_14)","decl":{"start":{"line":72,"column":2},"end":{"line":72,"column":9}},"loc":{"start":{"line":72,"column":16},"end":{"line":74,"column":null}}},"7":{"name":"(anonymous_15)","decl":{"start":{"line":72,"column":16},"end":{"line":72,"column":null}},"loc":{"start":{"line":72,"column":16},"end":{"line":74,"column":3}}}},"branchMap":{"0":{"loc":{"start":{"line":21,"column":11},"end":{"line":21,"column":50}},"type":"cond-expr","locations":[{"start":{"line":21,"column":25},"end":{"line":21,"column":43}},{"start":{"line":21,"column":46},"end":{"line":21,"column":50}}]},"1":{"loc":{"start":{"line":31,"column":21},"end":{"line":31,"column":41}},"type":"cond-expr","locations":[{"start":{"line":31,"column":27},"end":{"line":31,"column":29}},{"start":{"line":31,"column":21},"end":{"line":31,"column":41}}]},"2":{"loc":{"start":{"line":31,"column":21},"end":{"line":31,"column":29}},"type":"binary-expr","locations":[{"start":{"line":31,"column":21},"end":{"line":31,"column":29}},{"start":{"line":31,"column":21},"end":{"line":31,"column":29}}]},"3":{"loc":{"start":{"line":32,"column":24},"end":{"line":32,"column":45}},"type":"cond-expr","locations":[{"start":{"line":32,"column":30},"end":{"line":32,"column":32}},{"start":{"line":32,"column":24},"end":{"line":32,"column":45}}]},"4":{"loc":{"start":{"line":32,"column":24},"end":{"line":32,"column":32}},"type":"binary-expr","locations":[{"start":{"line":32,"column":24},"end":{"line":32,"column":32}},{"start":{"line":32,"column":24},"end":{"line":32,"column":32}}]},"5":{"loc":{"start":{"line":34,"column":2},"end":{"line":65,"column":3}},"type":"if","locations":[{"start":{"line":34,"column":2},"end":{"line":65,"column":3}},{"start":{},"end":{}}]},"6":{"loc":{"start":{"line":39,"column":4},"end":{"line":55,"column":5}},"type":"if","locations":[{"start":{"line":39,"column":4},"end":{"line":55,"column":5}},{"start":{},"end":{}}]},"7":{"loc":{"start":{"line":39,"column":8},"end":{"line":39,"column":54}},"type":"binary-expr","locations":[{"start":{"line":39,"column":8},"end":{"line":39,"column":11}},{"start":{"line":39,"column":15},"end":{"line":39,"column":37}},{"start":{"line":39,"column":41},"end":{"line":39,"column":54}}]},"8":{"loc":{"start":{"line":41,"column":6},"end":{"line":51,"column":7}},"type":"if","locations":[{"start":{"line":41,"column":6},"end":{"line":51,"column":7}},{"start":{},"end":{}}]},"9":{"loc":{"start":{"line":58,"column":19},"end":{"line":58,"column":63}},"type":"cond-expr","locations":[{"start":{"line":58,"column":49},"end":{"line":58,"column":51}},{"start":{"line":58,"column":49},"end":{"line":58,"column":63}}]},"10":{"loc":{"start":{"line":58,"column":19},"end":{"line":58,"column":51}},"type":"binary-expr","locations":[{"start":{"line":58,"column":19},"end":{"line":58,"column":51}},{"start":{"line":58,"column":49},"end":{"line":58,"column":51}}]},"11":{"loc":{"start":{"line":60,"column":4},"end":{"line":64,"column":5}},"type":"if","locations":[{"start":{"line":60,"column":4},"end":{"line":64,"column":5}},{"start":{"line":62,"column":11},"end":{"line":64,"column":5}}]},"12":{"loc":{"start":{"line":60,"column":8},"end":{"line":60,"column":66}},"type":"binary-expr","locations":[{"start":{"line":60,"column":8},"end":{"line":60,"column":22}},{"start":{"line":60,"column":26},"end":{"line":60,"column":66}}]}},"s":{"0":6,"1":6,"2":6,"3":6,"4":6,"5":6,"6":0,"7":0,"8":0,"9":0,"10":6,"11":6,"12":0,"13":0,"14":0,"15":0,"16":0,"17":0,"18":0,"19":0,"20":0,"21":0,"22":0,"23":0,"24":0,"25":0,"26":0,"27":0,"28":0,"29":0,"30":0,"31":0,"32":6,"33":0,"34":0,"35":0},"f":{"0":0,"1":0,"2":0,"3":0,"4":0,"5":0,"6":0,"7":0},"b":{"0":[0,0],"1":[0,0],"2":[0,0],"3":[0,0],"4":[0,0],"5":[0,0],"6":[0,0],"7":[0,0,0],"8":[0,0],"9":[0,0],"10":[0,0],"11":[0,0],"12":[0,0]}}
,"C:\\Projetos\\Teste\\desafio-aiva\\src\\auth\\SignInDialog.tsx": {"path":"C:\\Projetos\\Teste\\desafio-aiva\\src\\auth\\SignInDialog.tsx","statementMap":{"0":{"start":{"line":17,"column":0},"end":{"line":17,"column":24}},"1":{"start":{"line":1,"column":0},"end":{"line":1,"column":33}},"2":{"start":{"line":2,"column":0},"end":{"line":2,"column":42}},"3":{"start":{"line":3,"column":0},"end":{"line":3,"column":52}},"4":{"start":{"line":4,"column":0},"end":{"line":4,"column":56}},"5":{"start":{"line":5,"column":0},"end":{"line":5,"column":56}},"6":{"start":{"line":6,"column":0},"end":{"line":6,"column":42}},"7":{"start":{"line":7,"column":0},"end":{"line":7,"column":48}},"8":{"start":{"line":8,"column":0},"end":{"line":8,"column":40}},"9":{"start":{"line":9,"column":0},"end":{"line":9,"column":40}},"10":{"start":{"line":10,"column":0},"end":{"line":10,"column":42}},"11":{"start":{"line":11,"column":0},"end":{"line":11,"column":52}},"12":{"start":{"line":12,"column":0},"end":{"line":12,"column":45}},"13":{"start":{"line":13,"column":0},"end":{"line":13,"column":56}},"14":{"start":{"line":18,"column":20},"end":{"line":18,"column":60}},"15":{"start":{"line":18,"column":44},"end":{"line":18,"column":59}},"16":{"start":{"line":19,"column":18},"end":{"line":19,"column":56}},"17":{"start":{"line":19,"column":42},"end":{"line":19,"column":55}},"18":{"start":{"line":25,"column":6},"end":{"line":25,"column":52}},"19":{"start":{"line":27,"column":34},"end":{"line":27,"column":46}},"20":{"start":{"line":29,"column":19},"end":{"line":32,"column":4}},"21":{"start":{"line":31,"column":19},"end":{"line":31,"column":59}},"22":{"start":{"line":34,"column":19},"end":{"line":43,"column":4}},"23":{"start":{"line":34,"column":71},"end":{"line":43,"column":4}},"24":{"start":{"line":35,"column":4},"end":{"line":35,"column":20}},"25":{"start":{"line":37,"column":21},"end":{"line":37,"column":53}},"26":{"start":{"line":38,"column":4},"end":{"line":38,"column":24}},"27":{"start":{"line":41,"column":17},"end":{"line":41,"column":44}},"28":{"start":{"line":42,"column":4},"end":{"line":42,"column":18}},"29":{"start":{"line":45,"column":2},"end":{"line":83,"column":4}}},"fnMap":{"0":{"name":"SignInDialog","decl":{"start":{"line":17,"column":24},"end":{"line":17,"column":36}},"loc":{"start":{"line":17,"column":61},"end":{"line":84,"column":1}}},"1":{"name":"(anonymous_9)","decl":{"start":{"line":18,"column":33},"end":{"line":18,"column":34}},"loc":{"start":{"line":18,"column":44},"end":{"line":18,"column":59}}},"2":{"name":"(anonymous_10)","decl":{"start":{"line":19,"column":31},"end":{"line":19,"column":32}},"loc":{"start":{"line":19,"column":42},"end":{"line":19,"column":55}}},"3":{"name":"(anonymous_11)","decl":{"start":{"line":31,"column":13},"end":{"line":31,"column":16}},"loc":{"start":{"line":31,"column":19},"end":{"line":31,"column":59}}},"4":{"name":"(anonymous_12)","decl":{"start":{"line":34,"column":19},"end":{"line":34,"column":26}},"loc":{"start":{"line":34,"column":71},"end":{"line":43,"column":4}}},"5":{"name":"(anonymous_13)","decl":{"start":{"line":34,"column":71},"end":{"line":34,"column":null}},"loc":{"start":{"line":34,"column":71},"end":{"line":43,"column":3}}}},"branchMap":{"0":{"loc":{"start":{"line":64,"column":13},"end":{"line":64,"column":67}},"type":"binary-expr","locations":[{"start":{"line":64,"column":13},"end":{"line":64,"column":21}},{"start":{"line":64,"column":25},"end":{"line":64,"column":67}}]},"1":{"loc":{"start":{"line":76,"column":22},"end":{"line":76,"column":67}},"type":"binary-expr","locations":[{"start":{"line":76,"column":22},"end":{"line":76,"column":34}},{"start":{"line":76,"column":38},"end":{"line":76,"column":67}}]}},"s":{"0":2,"1":2,"2":2,"3":2,"4":2,"5":2,"6":2,"7":2,"8":2,"9":2,"10":2,"11":2,"12":2,"13":2,"14":32,"15":20,"16":32,"17":20,"18":32,"19":32,"20":32,"21":0,"22":32,"23":2,"24":2,"25":2,"26":2,"27":2,"28":2,"29":32},"f":{"0":32,"1":20,"2":20,"3":0,"4":2,"5":2},"b":{"0":[32,0],"1":[32,29]}}
,"C:\\Projetos\\Teste\\desafio-aiva\\src\\components\\PageError.tsx": {"path":"C:\\Projetos\\Teste\\desafio-aiva\\src\\components\\PageError.tsx","statementMap":{"0":{"start":{"line":11,"column":0},"end":{"line":11,"column":24}},"1":{"start":{"line":1,"column":0},"end":{"line":1,"column":50}},"2":{"start":{"line":2,"column":0},"end":{"line":2,"column":40}},"3":{"start":{"line":3,"column":0},"end":{"line":3,"column":42}},"4":{"start":{"line":4,"column":0},"end":{"line":4,"column":64}},"5":{"start":{"line":12,"column":2},"end":{"line":43,"column":4}}},"fnMap":{"0":{"name":"PageError","decl":{"start":{"line":11,"column":24},"end":{"line":11,"column":33}},"loc":{"start":{"line":11,"column":61},"end":{"line":44,"column":1}}}},"branchMap":{"0":{"loc":{"start":{"line":31,"column":7},"end":{"line":34,"column":null}},"type":"binary-expr","locations":[{"start":{"line":31,"column":7},"end":{"line":31,"column":14}},{"start":{"line":32,"column":8},"end":{"line":33,"column":null}}]},"1":{"loc":{"start":{"line":37,"column":7},"end":{"line":40,"column":null}},"type":"binary-expr","locations":[{"start":{"line":37,"column":7},"end":{"line":37,"column":14}},{"start":{"line":38,"column":8},"end":{"line":38,"column":null}}]}},"s":{"0":1,"1":1,"2":1,"3":1,"4":1,"5":1},"f":{"0":1},"b":{"0":[1,1],"1":[1,0]}}
,"C:\\Projetos\\Teste\\desafio-aiva\\src\\components\\Layout\\Header\\Header.tsx": {"path":"C:\\Projetos\\Teste\\desafio-aiva\\src\\components\\Layout\\Header\\Header.tsx","statementMap":{"0":{"start":{"line":19,"column":0},"end":{"line":19,"column":24}},"1":{"start":{"line":1,"column":0},"end":{"line":1,"column":53}},"2":{"start":{"line":2,"column":0},"end":{"line":2,"column":42}},"3":{"start":{"line":3,"column":0},"end":{"line":3,"column":44}},"4":{"start":{"line":4,"column":0},"end":{"line":4,"column":50}},"5":{"start":{"line":5,"column":0},"end":{"line":5,"column":50}},"6":{"start":{"line":6,"column":0},"end":{"line":6,"column":38}},"7":{"start":{"line":7,"column":0},"end":{"line":7,"column":46}},"8":{"start":{"line":8,"column":0},"end":{"line":8,"column":36}},"9":{"start":{"line":9,"column":0},"end":{"line":9,"column":42}},"10":{"start":{"line":10,"column":0},"end":{"line":10,"column":48}},"11":{"start":{"line":11,"column":0},"end":{"line":11,"column":62}},"12":{"start":{"line":12,"column":0},"end":{"line":12,"column":54}},"13":{"start":{"line":13,"column":0},"end":{"line":13,"column":51}},"14":{"start":{"line":20,"column":15},"end":{"line":20,"column":50}},"15":{"start":{"line":20,"column":39},"end":{"line":20,"column":49}},"16":{"start":{"line":21,"column":18},"end":{"line":21,"column":56}},"17":{"start":{"line":21,"column":42},"end":{"line":21,"column":55}},"18":{"start":{"line":23,"column":34},"end":{"line":23,"column":68}},"19":{"start":{"line":24,"column":38},"end":{"line":24,"column":53}},"20":{"start":{"line":26,"column":21},"end":{"line":28,"column":null}},"21":{"start":{"line":27,"column":46},"end":{"line":27,"column":78}},"22":{"start":{"line":31,"column":22},"end":{"line":31,"column":62}},"23":{"start":{"line":31,"column":40},"end":{"line":31,"column":57}},"24":{"start":{"line":33,"column":23},"end":{"line":36,"column":19}},"25":{"start":{"line":34,"column":4},"end":{"line":34,"column":24}},"26":{"start":{"line":35,"column":4},"end":{"line":35,"column":18}},"27":{"start":{"line":38,"column":24},"end":{"line":41,"column":28}},"28":{"start":{"line":39,"column":4},"end":{"line":39,"column":14}},"29":{"start":{"line":40,"column":4},"end":{"line":40,"column":18}},"30":{"start":{"line":43,"column":2},"end":{"line":112,"column":4}},"31":{"start":{"line":110,"column":53},"end":{"line":110,"column":73}}},"fnMap":{"0":{"name":"Header","decl":{"start":{"line":19,"column":24},"end":{"line":19,"column":30}},"loc":{"start":{"line":19,"column":63},"end":{"line":113,"column":1}}},"1":{"name":"(anonymous_2)","decl":{"start":{"line":20,"column":28},"end":{"line":20,"column":29}},"loc":{"start":{"line":20,"column":39},"end":{"line":20,"column":49}}},"2":{"name":"(anonymous_3)","decl":{"start":{"line":21,"column":31},"end":{"line":21,"column":32}},"loc":{"start":{"line":21,"column":42},"end":{"line":21,"column":55}}},"3":{"name":"(anonymous_4)","decl":{"start":{"line":27,"column":4},"end":{"line":27,"column":5}},"loc":{"start":{"line":27,"column":46},"end":{"line":27,"column":78}}},"4":{"name":"(anonymous_5)","decl":{"start":{"line":31,"column":34},"end":{"line":31,"column":37}},"loc":{"start":{"line":31,"column":40},"end":{"line":31,"column":57}}},"5":{"name":"(anonymous_6)","decl":{"start":{"line":33,"column":35},"end":{"line":33,"column":38}},"loc":{"start":{"line":33,"column":40},"end":{"line":36,"column":3}}},"6":{"name":"(anonymous_7)","decl":{"start":{"line":38,"column":36},"end":{"line":38,"column":39}},"loc":{"start":{"line":38,"column":41},"end":{"line":41,"column":3}}},"7":{"name":"(anonymous_8)","decl":{"start":{"line":110,"column":47},"end":{"line":110,"column":50}},"loc":{"start":{"line":110,"column":53},"end":{"line":110,"column":73}}}},"branchMap":{"0":{"loc":{"start":{"line":65,"column":11},"end":{"line":70,"column":null}},"type":"binary-expr","locations":[{"start":{"line":65,"column":11},"end":{"line":65,"column":15}},{"start":{"line":66,"column":12},"end":{"line":69,"column":null}}]},"1":{"loc":{"start":{"line":80,"column":13},"end":{"line":85,"column":null}},"type":"cond-expr","locations":[{"start":{"line":81,"column":14},"end":{"line":82,"column":null}},{"start":{"line":85,"column":14},"end":{"line":85,"column":31}}]},"2":{"loc":{"start":{"line":82,"column":17},"end":{"line":82,"column":69}},"type":"cond-expr","locations":[{"start":{"line":82,"column":30},"end":{"line":82,"column":63}},{"start":{"line":82,"column":66},"end":{"line":82,"column":69}}]},"3":{"loc":{"start":{"line":82,"column":17},"end":{"line":82,"column":27}},"type":"cond-expr","locations":[{"start":{"line":82,"column":21},"end":{"line":82,"column":23}},{"start":{"line":82,"column":17},"end":{"line":82,"column":27}}]},"4":{"loc":{"start":{"line":82,"column":17},"end":{"line":82,"column":23}},"type":"binary-expr","locations":[{"start":{"line":82,"column":17},"end":{"line":82,"column":23}},{"start":{"line":82,"column":17},"end":{"line":82,"column":23}}]},"5":{"loc":{"start":{"line":101,"column":13},"end":{"line":104,"column":null}},"type":"cond-expr","locations":[{"start":{"line":102,"column":14},"end":{"line":102,"column":65}},{"start":{"line":104,"column":14},"end":{"line":104,"column":67}}]}},"s":{"0":1,"1":1,"2":1,"3":1,"4":1,"5":1,"6":1,"7":1,"8":1,"9":1,"10":1,"11":1,"12":1,"13":1,"14":13,"15":13,"16":13,"17":13,"18":13,"19":13,"20":13,"21":4,"22":13,"23":2,"24":13,"25":1,"26":1,"27":13,"28":1,"29":1,"30":13,"31":0},"f":{"0":13,"1":13,"2":13,"3":4,"4":2,"5":1,"6":1,"7":0},"b":{"0":[13,6],"1":[6,7],"2":[6,0],"3":[0,6],"4":[6,6],"5":[7,6]}}
,"C:\\Projetos\\Teste\\desafio-aiva\\src\\components\\Layout\\Sidebar\\Sidebar.tsx": {"path":"C:\\Projetos\\Teste\\desafio-aiva\\src\\components\\Layout\\Sidebar\\Sidebar.tsx","statementMap":{"0":{"start":{"line":1,"column":0},"end":{"line":1,"column":null}},"1":{"start":{"line":10,"column":0},"end":{"line":10,"column":64}},"2":{"start":{"line":11,"column":0},"end":{"line":11,"column":74}},"3":{"start":{"line":12,"column":0},"end":{"line":12,"column":90}},"4":{"start":{"line":13,"column":0},"end":{"line":13,"column":56}},"5":{"start":{"line":15,"column":18},"end":{"line":19,"column":2}},"6":{"start":{"line":25,"column":16},"end":{"line":123,"column":1}},"7":{"start":{"line":26,"column":19},"end":{"line":26,"column":32}},"8":{"start":{"line":27,"column":16},"end":{"line":27,"column":36}},"9":{"start":{"line":29,"column":2},"end":{"line":122,"column":4}},"10":{"start":{"line":64,"column":27},"end":{"line":64,"column":61}},"11":{"start":{"line":65,"column":10},"end":{"line":106,"column":12}},"12":{"start":{"line":125,"column":0},"end":{"line":125,"column":23}}},"fnMap":{"0":{"name":"(anonymous_1)","decl":{"start":{"line":25,"column":16},"end":{"line":25,"column":17}},"loc":{"start":{"line":25,"column":48},"end":{"line":123,"column":1}}},"1":{"name":"(anonymous_2)","decl":{"start":{"line":63,"column":23},"end":{"line":63,"column":24}},"loc":{"start":{"line":63,"column":49},"end":{"line":107,"column":9}}}},"branchMap":{"0":{"loc":{"start":{"line":27,"column":16},"end":{"line":27,"column":36}},"type":"cond-expr","locations":[{"start":{"line":27,"column":28},"end":{"line":27,"column":30}},{"start":{"line":27,"column":33},"end":{"line":27,"column":36}}]},"1":{"loc":{"start":{"line":46,"column":9},"end":{"line":49,"column":null}},"type":"binary-expr","locations":[{"start":{"line":46,"column":9},"end":{"line":46,"column":19}},{"start":{"line":47,"column":10},"end":{"line":47,"column":null}}]},"2":{"loc":{"start":{"line":89,"column":22},"end":{"line":89,"column":44}},"type":"cond-expr","locations":[{"start":{"line":89,"column":34},"end":{"line":89,"column":40}},{"start":{"line":89,"column":43},"end":{"line":89,"column":44}}]},"3":{"loc":{"start":{"line":96,"column":15},"end":{"line":103,"column":null}},"type":"binary-expr","locations":[{"start":{"line":96,"column":15},"end":{"line":96,"column":25}},{"start":{"line":97,"column":16},"end":{"line":102,"column":null}}]},"4":{"loc":{"start":{"line":100,"column":29},"end":{"line":100,"column":46}},"type":"cond-expr","locations":[{"start":{"line":100,"column":41},"end":{"line":100,"column":42}},{"start":{"line":100,"column":45},"end":{"line":100,"column":46}}]},"5":{"loc":{"start":{"line":115,"column":9},"end":{"line":118,"column":null}},"type":"binary-expr","locations":[{"start":{"line":115,"column":9},"end":{"line":115,"column":19}},{"start":{"line":116,"column":10},"end":{"line":116,"column":null}}]}},"s":{"0":1,"1":1,"2":1,"3":1,"4":1,"5":1,"6":1,"7":7,"8":7,"9":7,"10":21,"11":21,"12":1},"f":{"0":7,"1":21},"b":{"0":[3,4],"1":[7,4],"2":[9,12],"3":[21,12],"4":[0,12],"5":[7,4]}}
,"C:\\Projetos\\Teste\\desafio-aiva\\src\\hooks\\useCategories.ts": {"path":"C:\\Projetos\\Teste\\desafio-aiva\\src\\hooks\\useCategories.ts","statementMap":{"0":{"start":{"line":4,"column":0},"end":{"line":4,"column":16}},"1":{"start":{"line":1,"column":0},"end":{"line":1,"column":49}},"2":{"start":{"line":2,"column":0},"end":{"line":2,"column":67}},"3":{"start":{"line":5,"column":2},"end":{"line":8,"column":5}}},"fnMap":{"0":{"name":"useCategories","decl":{"start":{"line":4,"column":16},"end":{"line":4,"column":29}},"loc":{"start":{"line":4,"column":29},"end":{"line":9,"column":1}}}},"branchMap":{},"s":{"0":1,"1":1,"2":1,"3":11},"f":{"0":11},"b":{}}
,"C:\\Projetos\\Teste\\desafio-aiva\\src\\hooks\\useFilteredProducts.ts": {"path":"C:\\Projetos\\Teste\\desafio-aiva\\src\\hooks\\useFilteredProducts.ts","statementMap":{"0":{"start":{"line":11,"column":0},"end":{"line":11,"column":16}},"1":{"start":{"line":1,"column":0},"end":{"line":1,"column":32}},"2":{"start":{"line":16,"column":2},"end":{"line":37,"column":41}},"3":{"start":{"line":17,"column":4},"end":{"line":17,"column":29}},"4":{"start":{"line":17,"column":19},"end":{"line":17,"column":29}},"5":{"start":{"line":18,"column":19},"end":{"line":18,"column":27}},"6":{"start":{"line":20,"column":4},"end":{"line":22,"column":5}},"7":{"start":{"line":21,"column":6},"end":{"line":21,"column":78}},"8":{"start":{"line":21,"column":40},"end":{"line":21,"column":77}},"9":{"start":{"line":27,"column":8},"end":{"line":34,"column":6}},"10":{"start":{"line":28,"column":29},"end":{"line":28,"column":59}},"11":{"start":{"line":29,"column":30},"end":{"line":29,"column":60}},"12":{"start":{"line":30,"column":29},"end":{"line":30,"column":46}},"13":{"start":{"line":31,"column":30},"end":{"line":31,"column":47}},"14":{"start":{"line":33,"column":8},"end":{"line":33,"column":null}},"15":{"start":{"line":36,"column":4},"end":{"line":36,"column":45}}},"fnMap":{"0":{"name":"useFilteredProducts","decl":{"start":{"line":11,"column":16},"end":{"line":11,"column":35}},"loc":{"start":{"line":14,"column":33},"end":{"line":38,"column":1}}},"1":{"name":"(anonymous_1)","decl":{"start":{"line":16,"column":17},"end":{"line":16,"column":20}},"loc":{"start":{"line":16,"column":22},"end":{"line":37,"column":3}}},"2":{"name":"(anonymous_2)","decl":{"start":{"line":21,"column":33},"end":{"line":21,"column":34}},"loc":{"start":{"line":21,"column":39},"end":{"line":21,"column":77}}},"3":{"name":"(anonymous_3)","decl":{"start":{"line":28,"column":19},"end":{"line":28,"column":20}},"loc":{"start":{"line":28,"column":29},"end":{"line":28,"column":59}}},"4":{"name":"(anonymous_4)","decl":{"start":{"line":29,"column":20},"end":{"line":29,"column":21}},"loc":{"start":{"line":29,"column":30},"end":{"line":29,"column":60}}},"5":{"name":"(anonymous_5)","decl":{"start":{"line":30,"column":19},"end":{"line":30,"column":20}},"loc":{"start":{"line":30,"column":29},"end":{"line":30,"column":46}}},"6":{"name":"(anonymous_6)","decl":{"start":{"line":31,"column":20},"end":{"line":31,"column":21}},"loc":{"start":{"line":31,"column":30},"end":{"line":31,"column":47}}},"7":{"name":"(anonymous_7)","decl":{"start":{"line":32,"column":16},"end":{"line":32,"column":17}},"loc":{"start":{"line":32,"column":25},"end":{"line":33,"column":null}}}},"branchMap":{"0":{"loc":{"start":{"line":17,"column":4},"end":{"line":17,"column":29}},"type":"if","locations":[{"start":{"line":17,"column":4},"end":{"line":17,"column":29}},{"start":{},"end":{}}]},"1":{"loc":{"start":{"line":20,"column":4},"end":{"line":22,"column":5}},"type":"if","locations":[{"start":{"line":20,"column":4},"end":{"line":22,"column":5}},{"start":{},"end":{}}]},"2":{"loc":{"start":{"line":21,"column":40},"end":{"line":21,"column":55}},"type":"cond-expr","locations":[{"start":{"line":21,"column":51},"end":{"line":21,"column":53}},{"start":{"line":21,"column":51},"end":{"line":21,"column":55}}]},"3":{"loc":{"start":{"line":21,"column":40},"end":{"line":21,"column":53}},"type":"binary-expr","locations":[{"start":{"line":21,"column":40},"end":{"line":21,"column":53}},{"start":{"line":21,"column":51},"end":{"line":21,"column":53}}]},"4":{"loc":{"start":{"line":21,"column":40},"end":{"line":21,"column":51}},"type":"cond-expr","locations":[{"start":{"line":21,"column":41},"end":{"line":21,"column":43}},{"start":{"line":21,"column":40},"end":{"line":21,"column":51}}]},"5":{"loc":{"start":{"line":21,"column":40},"end":{"line":21,"column":43}},"type":"binary-expr","locations":[{"start":{"line":21,"column":40},"end":{"line":21,"column":43}},{"start":{"line":21,"column":40},"end":{"line":21,"column":43}}]},"6":{"loc":{"start":{"line":33,"column":9},"end":{"line":33,"column":31}},"type":"binary-expr","locations":[{"start":{"line":33,"column":9},"end":{"line":33,"column":25}},{"start":{"line":33,"column":29},"end":{"line":33,"column":31}}]},"7":{"loc":{"start":{"line":33,"column":9},"end":{"line":33,"column":25}},"type":"cond-expr","locations":[{"start":{"line":33,"column":19},"end":{"line":33,"column":21}},{"start":{"line":33,"column":19},"end":{"line":33,"column":25}}]},"8":{"loc":{"start":{"line":33,"column":9},"end":{"line":33,"column":21}},"type":"binary-expr","locations":[{"start":{"line":33,"column":9},"end":{"line":33,"column":21}},{"start":{"line":33,"column":19},"end":{"line":33,"column":21}}]},"9":{"loc":{"start":{"line":33,"column":47},"end":{"line":33,"column":69}},"type":"binary-expr","locations":[{"start":{"line":33,"column":47},"end":{"line":33,"column":63}},{"start":{"line":33,"column":67},"end":{"line":33,"column":69}}]},"10":{"loc":{"start":{"line":33,"column":47},"end":{"line":33,"column":63}},"type":"cond-expr","locations":[{"start":{"line":33,"column":57},"end":{"line":33,"column":59}},{"start":{"line":33,"column":57},"end":{"line":33,"column":63}}]},"11":{"loc":{"start":{"line":33,"column":47},"end":{"line":33,"column":59}},"type":"binary-expr","locations":[{"start":{"line":33,"column":47},"end":{"line":33,"column":59}},{"start":{"line":33,"column":57},"end":{"line":33,"column":59}}]}},"s":{"0":1,"1":1,"2":2,"3":2,"4":2,"5":0,"6":0,"7":0,"8":0,"9":0,"10":0,"11":0,"12":0,"13":0,"14":0,"15":0},"f":{"0":2,"1":2,"2":0,"3":0,"4":0,"5":0,"6":0,"7":0},"b":{"0":[2,0],"1":[0,0],"2":[0,0],"3":[0,0],"4":[0,0],"5":[0,0],"6":[0,0],"7":[0,0],"8":[0,0],"9":[0,0],"10":[0,0],"11":[0,0]}}
,"C:\\Projetos\\Teste\\desafio-aiva\\src\\hooks\\useProducts.ts": {"path":"C:\\Projetos\\Teste\\desafio-aiva\\src\\hooks\\useProducts.ts","statementMap":{"0":{"start":{"line":5,"column":0},"end":{"line":5,"column":16}},"1":{"start":{"line":1,"column":0},"end":{"line":1,"column":78}},"2":{"start":{"line":2,"column":0},"end":{"line":2,"column":63}},"3":{"start":{"line":6,"column":22},"end":{"line":6,"column":38}},"4":{"start":{"line":8,"column":24},"end":{"line":11,"column":4}},"5":{"start":{"line":13,"column":25},"end":{"line":15,"column":4}},"6":{"start":{"line":17,"column":24},"end":{"line":23,"column":4}},"7":{"start":{"line":19,"column":6},"end":{"line":19,"column":37}},"8":{"start":{"line":21,"column":6},"end":{"line":21,"column":64}},"9":{"start":{"line":25,"column":24},"end":{"line":36,"column":4}},"10":{"start":{"line":32,"column":10},"end":{"line":32,"column":45}},"11":{"start":{"line":34,"column":6},"end":{"line":34,"column":64}},"12":{"start":{"line":38,"column":24},"end":{"line":43,"column":4}},"13":{"start":{"line":39,"column":44},"end":{"line":39,"column":70}},"14":{"start":{"line":41,"column":6},"end":{"line":41,"column":64}},"15":{"start":{"line":45,"column":2},"end":{"line":51,"column":4}}},"fnMap":{"0":{"name":"useProducts","decl":{"start":{"line":5,"column":16},"end":{"line":5,"column":27}},"loc":{"start":{"line":5,"column":27},"end":{"line":52,"column":1}}},"1":{"name":"(anonymous_1)","decl":{"start":{"line":18,"column":16},"end":{"line":18,"column":17}},"loc":{"start":{"line":19,"column":6},"end":{"line":19,"column":37}}},"2":{"name":"(anonymous_2)","decl":{"start":{"line":20,"column":15},"end":{"line":20,"column":18}},"loc":{"start":{"line":20,"column":20},"end":{"line":22,"column":5}}},"3":{"name":"(anonymous_3)","decl":{"start":{"line":26,"column":16},"end":{"line":26,"column":17}},"loc":{"start":{"line":32,"column":10},"end":{"line":32,"column":45}}},"4":{"name":"(anonymous_4)","decl":{"start":{"line":33,"column":15},"end":{"line":33,"column":18}},"loc":{"start":{"line":33,"column":20},"end":{"line":35,"column":5}}},"5":{"name":"(anonymous_5)","decl":{"start":{"line":39,"column":16},"end":{"line":39,"column":17}},"loc":{"start":{"line":39,"column":44},"end":{"line":39,"column":70}}},"6":{"name":"(anonymous_6)","decl":{"start":{"line":40,"column":15},"end":{"line":40,"column":18}},"loc":{"start":{"line":40,"column":20},"end":{"line":42,"column":5}}}},"branchMap":{},"s":{"0":2,"1":2,"2":2,"3":0,"4":0,"5":0,"6":0,"7":0,"8":0,"9":0,"10":0,"11":0,"12":0,"13":0,"14":0,"15":0},"f":{"0":0,"1":0,"2":0,"3":0,"4":0,"5":0,"6":0},"b":{}}
,"C:\\Projetos\\Teste\\desafio-aiva\\src\\hooks\\useUserFilters.ts": {"path":"C:\\Projetos\\Teste\\desafio-aiva\\src\\hooks\\useUserFilters.ts","statementMap":{"0":{"start":{"line":1,"column":0},"end":{"line":1,"column":46}},"1":{"start":{"line":9,"column":40},"end":{"line":13,"column":2}},"2":{"start":{"line":15,"column":30},"end":{"line":37,"column":1}},"3":{"start":{"line":16,"column":32},"end":{"line":16,"column":73}},"4":{"start":{"line":18,"column":29},"end":{"line":25,"column":null}},"5":{"start":{"line":20,"column":6},"end":{"line":23,"column":10}},"6":{"start":{"line":20,"column":27},"end":{"line":22,"column":null}},"7":{"start":{"line":28,"column":23},"end":{"line":30,"column":8}},"8":{"start":{"line":29,"column":4},"end":{"line":29,"column":31}},"9":{"start":{"line":32,"column":2},"end":{"line":36,"column":4}},"10":{"start":{"line":15,"column":13},"end":{"line":15,"column":30}}},"fnMap":{"0":{"name":"(anonymous_0)","decl":{"start":{"line":15,"column":30},"end":{"line":15,"column":33}},"loc":{"start":{"line":15,"column":35},"end":{"line":37,"column":1}}},"1":{"name":"(anonymous_1)","decl":{"start":{"line":19,"column":4},"end":{"line":19,"column":5}},"loc":{"start":{"line":19,"column":45},"end":{"line":24,"column":5}}},"2":{"name":"(anonymous_2)","decl":{"start":{"line":20,"column":17},"end":{"line":20,"column":18}},"loc":{"start":{"line":20,"column":27},"end":{"line":22,"column":null}}},"3":{"name":"(anonymous_3)","decl":{"start":{"line":28,"column":35},"end":{"line":28,"column":38}},"loc":{"start":{"line":28,"column":40},"end":{"line":30,"column":3}}}},"branchMap":{},"s":{"0":1,"1":1,"2":1,"3":0,"4":0,"5":0,"6":0,"7":0,"8":0,"9":0,"10":1},"f":{"0":0,"1":0,"2":0,"3":0},"b":{}}
,"C:\\Projetos\\Teste\\desafio-aiva\\src\\hooks\\useUsers.ts": {"path":"C:\\Projetos\\Teste\\desafio-aiva\\src\\hooks\\useUsers.ts","statementMap":{"0":{"start":{"line":5,"column":0},"end":{"line":5,"column":16}},"1":{"start":{"line":1,"column":0},"end":{"line":1,"column":78}},"2":{"start":{"line":2,"column":0},"end":{"line":2,"column":57}},"3":{"start":{"line":6,"column":22},"end":{"line":6,"column":38}},"4":{"start":{"line":8,"column":21},"end":{"line":11,"column":4}},"5":{"start":{"line":13,"column":22},"end":{"line":15,"column":4}},"6":{"start":{"line":17,"column":21},"end":{"line":23,"column":4}},"7":{"start":{"line":19,"column":6},"end":{"line":19,"column":31}},"8":{"start":{"line":21,"column":6},"end":{"line":21,"column":61}},"9":{"start":{"line":25,"column":21},"end":{"line":31,"column":4}},"10":{"start":{"line":27,"column":6},"end":{"line":27,"column":35}},"11":{"start":{"line":29,"column":6},"end":{"line":29,"column":61}},"12":{"start":{"line":33,"column":21},"end":{"line":38,"column":4}},"13":{"start":{"line":36,"column":6},"end":{"line":36,"column":61}},"14":{"start":{"line":40,"column":2},"end":{"line":46,"column":4}}},"fnMap":{"0":{"name":"useUsers","decl":{"start":{"line":5,"column":16},"end":{"line":5,"column":24}},"loc":{"start":{"line":5,"column":24},"end":{"line":47,"column":1}}},"1":{"name":"(anonymous_1)","decl":{"start":{"line":18,"column":16},"end":{"line":18,"column":17}},"loc":{"start":{"line":19,"column":6},"end":{"line":19,"column":31}}},"2":{"name":"(anonymous_2)","decl":{"start":{"line":20,"column":15},"end":{"line":20,"column":18}},"loc":{"start":{"line":20,"column":20},"end":{"line":22,"column":5}}},"3":{"name":"(anonymous_3)","decl":{"start":{"line":26,"column":16},"end":{"line":26,"column":17}},"loc":{"start":{"line":27,"column":6},"end":{"line":27,"column":35}}},"4":{"name":"(anonymous_4)","decl":{"start":{"line":28,"column":15},"end":{"line":28,"column":18}},"loc":{"start":{"line":28,"column":20},"end":{"line":30,"column":5}}},"5":{"name":"(anonymous_5)","decl":{"start":{"line":35,"column":15},"end":{"line":35,"column":18}},"loc":{"start":{"line":35,"column":20},"end":{"line":37,"column":5}}}},"branchMap":{},"s":{"0":2,"1":2,"2":2,"3":0,"4":0,"5":0,"6":0,"7":0,"8":0,"9":0,"10":0,"11":0,"12":0,"13":0,"14":0},"f":{"0":0,"1":0,"2":0,"3":0,"4":0,"5":0},"b":{}}
,"C:\\Projetos\\Teste\\desafio-aiva\\src\\pages\\Home\\Home.tsx": {"path":"C:\\Projetos\\Teste\\desafio-aiva\\src\\pages\\Home\\Home.tsx","statementMap":{"0":{"start":{"line":26,"column":0},"end":{"line":26,"column":24}},"1":{"start":{"line":1,"column":0},"end":{"line":1,"column":36}},"2":{"start":{"line":2,"column":0},"end":{"line":2,"column":38}},"3":{"start":{"line":3,"column":0},"end":{"line":3,"column":50}},"4":{"start":{"line":4,"column":0},"end":{"line":4,"column":40}},"5":{"start":{"line":5,"column":0},"end":{"line":5,"column":40}},"6":{"start":{"line":6,"column":0},"end":{"line":6,"column":42}},"7":{"start":{"line":7,"column":0},"end":{"line":7,"column":46}},"8":{"start":{"line":8,"column":0},"end":{"line":8,"column":52}},"9":{"start":{"line":9,"column":0},"end":{"line":9,"column":50}},"10":{"start":{"line":10,"column":0},"end":{"line":10,"column":46}},"11":{"start":{"line":11,"column":0},"end":{"line":11,"column":33}},"12":{"start":{"line":12,"column":0},"end":{"line":12,"column":51}},"13":{"start":{"line":13,"column":0},"end":{"line":13,"column":54}},"14":{"start":{"line":15,"column":0},"end":{"line":15,"column":70}},"15":{"start":{"line":16,"column":0},"end":{"line":16,"column":59}},"16":{"start":{"line":17,"column":0},"end":{"line":17,"column":53}},"17":{"start":{"line":27,"column":26},"end":{"line":27,"column":59}},"18":{"start":{"line":28,"column":50},"end":{"line":28,"column":79}},"19":{"start":{"line":33,"column":6},"end":{"line":33,"column":19}},"20":{"start":{"line":35,"column":27},"end":{"line":38,"column":null}},"21":{"start":{"line":41,"column":2},"end":{"line":133,"column":4}},"22":{"start":{"line":69,"column":33},"end":{"line":69,"column":70}},"23":{"start":{"line":88,"column":14},"end":{"line":88,"column":null}},"24":{"start":{"line":114,"column":16},"end":{"line":114,"column":53}}},"fnMap":{"0":{"name":"Home","decl":{"start":{"line":26,"column":24},"end":{"line":26,"column":28}},"loc":{"start":{"line":26,"column":28},"end":{"line":134,"column":1}}},"1":{"name":"(anonymous_2)","decl":{"start":{"line":69,"column":26},"end":{"line":69,"column":27}},"loc":{"start":{"line":69,"column":33},"end":{"line":69,"column":70}}},"2":{"name":"(anonymous_3)","decl":{"start":{"line":87,"column":43},"end":{"line":87,"column":44}},"loc":{"start":{"line":88,"column":14},"end":{"line":88,"column":null}}},"3":{"name":"(anonymous_4)","decl":{"start":{"line":113,"column":36},"end":{"line":113,"column":37}},"loc":{"start":{"line":114,"column":16},"end":{"line":114,"column":53}}}},"branchMap":{"0":{"loc":{"start":{"line":85,"column":9},"end":{"line":92,"column":null}},"type":"binary-expr","locations":[{"start":{"line":85,"column":9},"end":{"line":85,"column":18}},{"start":{"line":86,"column":10},"end":{"line":91,"column":null}}]},"1":{"loc":{"start":{"line":95,"column":9},"end":{"line":99,"column":null}},"type":"binary-expr","locations":[{"start":{"line":95,"column":9},"end":{"line":95,"column":14}},{"start":{"line":96,"column":10},"end":{"line":98,"column":null}}]},"2":{"loc":{"start":{"line":97,"column":21},"end":{"line":97,"column":55}},"type":"binary-expr","locations":[{"start":{"line":97,"column":22},"end":{"line":97,"column":49}},{"start":{"line":97,"column":53},"end":{"line":97,"column":55}}]},"3":{"loc":{"start":{"line":97,"column":22},"end":{"line":97,"column":49}},"type":"cond-expr","locations":[{"start":{"line":97,"column":27},"end":{"line":97,"column":40}},{"start":{"line":97,"column":22},"end":{"line":97,"column":49}}]},"4":{"loc":{"start":{"line":97,"column":22},"end":{"line":97,"column":40}},"type":"binary-expr","locations":[{"start":{"line":97,"column":22},"end":{"line":97,"column":42}},{"start":{"line":97,"column":22},"end":{"line":97,"column":40}}]},"5":{"loc":{"start":{"line":102,"column":9},"end":{"line":129,"column":null}},"type":"binary-expr","locations":[{"start":{"line":102,"column":9},"end":{"line":102,"column":19}},{"start":{"line":102,"column":23},"end":{"line":102,"column":29}},{"start":{"line":103,"column":10},"end":{"line":128,"column":null}}]},"6":{"loc":{"start":{"line":117,"column":15},"end":{"line":126,"column":null}},"type":"binary-expr","locations":[{"start":{"line":117,"column":15},"end":{"line":117,"column":44}},{"start":{"line":117,"column":48},"end":{"line":117,"column":58}},{"start":{"line":118,"column":16},"end":{"line":125,"column":null}}]}},"s":{"0":1,"1":1,"2":1,"3":1,"4":1,"5":1,"6":1,"7":1,"8":1,"9":1,"10":1,"11":1,"12":1,"13":1,"14":1,"15":1,"16":1,"17":6,"18":6,"19":6,"20":6,"21":6,"22":1,"23":8,"24":6},"f":{"0":6,"1":1,"2":8,"3":6},"b":{"0":[6,1],"1":[6,1],"2":[1,0],"3":[0,1],"4":[1,1],"5":[6,5,4],"6":[4,1,1]}}
,"C:\\Projetos\\Teste\\desafio-aiva\\src\\pages\\Home\\components\\CategoryMenu.tsx": {"path":"C:\\Projetos\\Teste\\desafio-aiva\\src\\pages\\Home\\components\\CategoryMenu.tsx","statementMap":{"0":{"start":{"line":16,"column":0},"end":{"line":16,"column":24}},"1":{"start":{"line":1,"column":0},"end":{"line":1,"column":50}},"2":{"start":{"line":2,"column":0},"end":{"line":2,"column":40}},"3":{"start":{"line":3,"column":0},"end":{"line":3,"column":38}},"4":{"start":{"line":4,"column":0},"end":{"line":4,"column":58}},"5":{"start":{"line":5,"column":0},"end":{"line":5,"column":54}},"6":{"start":{"line":6,"column":0},"end":{"line":6,"column":61}},"7":{"start":{"line":7,"column":0},"end":{"line":7,"column":54}},"8":{"start":{"line":9,"column":0},"end":{"line":9,"column":46}},"9":{"start":{"line":25,"column":6},"end":{"line":25,"column":21}},"10":{"start":{"line":27,"column":2},"end":{"line":89,"column":4}},"11":{"start":{"line":45,"column":12},"end":{"line":45,"column":null}},"12":{"start":{"line":66,"column":27},"end":{"line":66,"column":52}},"13":{"start":{"line":72,"column":12},"end":{"line":73,"column":null}},"14":{"start":{"line":75,"column":29},"end":{"line":75,"column":56}}},"fnMap":{"0":{"name":"CategoryMenu","decl":{"start":{"line":16,"column":24},"end":{"line":16,"column":36}},"loc":{"start":{"line":19,"column":20},"end":{"line":90,"column":1}}},"1":{"name":"(anonymous_2)","decl":{"start":{"line":44,"column":41},"end":{"line":44,"column":42}},"loc":{"start":{"line":45,"column":12},"end":{"line":45,"column":null}}},"2":{"name":"(anonymous_3)","decl":{"start":{"line":66,"column":21},"end":{"line":66,"column":24}},"loc":{"start":{"line":66,"column":27},"end":{"line":66,"column":52}}},"3":{"name":"(anonymous_4)","decl":{"start":{"line":71,"column":27},"end":{"line":71,"column":28}},"loc":{"start":{"line":72,"column":12},"end":{"line":73,"column":null}}},"4":{"name":"(anonymous_5)","decl":{"start":{"line":75,"column":23},"end":{"line":75,"column":26}},"loc":{"start":{"line":75,"column":29},"end":{"line":75,"column":56}}}},"branchMap":{"0":{"loc":{"start":{"line":42,"column":7},"end":{"line":57,"column":null}},"type":"binary-expr","locations":[{"start":{"line":42,"column":7},"end":{"line":42,"column":24}},{"start":{"line":43,"column":8},"end":{"line":56,"column":null}}]},"1":{"loc":{"start":{"line":60,"column":7},"end":{"line":60,"column":74}},"type":"binary-expr","locations":[{"start":{"line":60,"column":7},"end":{"line":60,"column":22}},{"start":{"line":60,"column":26},"end":{"line":60,"column":74}}]},"2":{"loc":{"start":{"line":62,"column":7},"end":{"line":86,"column":null}},"type":"binary-expr","locations":[{"start":{"line":62,"column":7},"end":{"line":62,"column":25}},{"start":{"line":62,"column":29},"end":{"line":62,"column":45}},{"start":{"line":63,"column":8},"end":{"line":85,"column":null}}]},"3":{"loc":{"start":{"line":71,"column":11},"end":{"line":85,"column":12}},"type":"cond-expr","locations":[{"start":{"line":71,"column":21},"end":{"line":71,"column":23}},{"start":{"line":71,"column":11},"end":{"line":85,"column":12}}]},"4":{"loc":{"start":{"line":71,"column":11},"end":{"line":71,"column":23}},"type":"binary-expr","locations":[{"start":{"line":71,"column":11},"end":{"line":71,"column":23}},{"start":{"line":71,"column":11},"end":{"line":71,"column":23}}]},"5":{"loc":{"start":{"line":76,"column":28},"end":{"line":76,"column":76}},"type":"cond-expr","locations":[{"start":{"line":76,"column":58},"end":{"line":76,"column":64}},{"start":{"line":76,"column":67},"end":{"line":76,"column":76}}]},"6":{"loc":{"start":{"line":81,"column":30},"end":{"line":81,"column":77}},"type":"cond-expr","locations":[{"start":{"line":81,"column":60},"end":{"line":81,"column":66}},{"start":{"line":81,"column":69},"end":{"line":81,"column":77}}]}},"s":{"0":1,"1":1,"2":1,"3":1,"4":1,"5":1,"6":1,"7":1,"8":1,"9":11,"10":11,"11":30,"12":1,"13":8,"14":1},"f":{"0":11,"1":30,"2":1,"3":8,"4":1},"b":{"0":[11,6],"1":[11,1],"2":[11,5,4],"3":[0,4],"4":[4,4],"5":[2,6],"6":[2,6]}}
,"C:\\Projetos\\Teste\\desafio-aiva\\src\\pages\\Home\\components\\ProductCardHome.tsx": {"path":"C:\\Projetos\\Teste\\desafio-aiva\\src\\pages\\Home\\components\\ProductCardHome.tsx","statementMap":{"0":{"start":{"line":16,"column":0},"end":{"line":16,"column":24}},"1":{"start":{"line":1,"column":0},"end":{"line":1,"column":38}},"2":{"start":{"line":2,"column":0},"end":{"line":2,"column":38}},"3":{"start":{"line":3,"column":0},"end":{"line":3,"column":52}},"4":{"start":{"line":4,"column":0},"end":{"line":4,"column":48}},"5":{"start":{"line":5,"column":0},"end":{"line":5,"column":50}},"6":{"start":{"line":6,"column":0},"end":{"line":6,"column":44}},"7":{"start":{"line":8,"column":0},"end":{"line":8,"column":38}},"8":{"start":{"line":9,"column":0},"end":{"line":9,"column":55}},"9":{"start":{"line":10,"column":0},"end":{"line":10,"column":51}},"10":{"start":{"line":17,"column":2},"end":{"line":89,"column":4}},"11":{"start":{"line":39,"column":13},"end":{"line":39,"column":57}}},"fnMap":{"0":{"name":"ProductCardHome","decl":{"start":{"line":16,"column":24},"end":{"line":16,"column":39}},"loc":{"start":{"line":16,"column":73},"end":{"line":90,"column":1}}},"1":{"name":"(anonymous_2)","decl":{"start":{"line":38,"column":19},"end":{"line":38,"column":20}},"loc":{"start":{"line":38,"column":25},"end":{"line":40,"column":11}}}},"branchMap":{"0":{"loc":{"start":{"line":36,"column":17},"end":{"line":36,"column":47}},"type":"binary-expr","locations":[{"start":{"line":36,"column":17},"end":{"line":36,"column":36}},{"start":{"line":36,"column":40},"end":{"line":36,"column":47}}]},"1":{"loc":{"start":{"line":36,"column":17},"end":{"line":36,"column":36}},"type":"cond-expr","locations":[{"start":{"line":36,"column":31},"end":{"line":36,"column":34}},{"start":{"line":36,"column":31},"end":{"line":36,"column":36}}]},"2":{"loc":{"start":{"line":36,"column":17},"end":{"line":36,"column":34}},"type":"binary-expr","locations":[{"start":{"line":36,"column":17},"end":{"line":36,"column":34}},{"start":{"line":36,"column":31},"end":{"line":36,"column":34}}]},"3":{"loc":{"start":{"line":72,"column":19},"end":{"line":72,"column":42}},"type":"cond-expr","locations":[{"start":{"line":72,"column":36},"end":{"line":72,"column":38}},{"start":{"line":72,"column":36},"end":{"line":72,"column":42}}]},"4":{"loc":{"start":{"line":72,"column":19},"end":{"line":72,"column":38}},"type":"binary-expr","locations":[{"start":{"line":72,"column":19},"end":{"line":72,"column":38}},{"start":{"line":72,"column":36},"end":{"line":72,"column":38}}]},"5":{"loc":{"start":{"line":72,"column":19},"end":{"line":72,"column":36}},"type":"cond-expr","locations":[{"start":{"line":72,"column":26},"end":{"line":72,"column":28}},{"start":{"line":72,"column":19},"end":{"line":72,"column":36}}]},"6":{"loc":{"start":{"line":72,"column":19},"end":{"line":72,"column":28}},"type":"binary-expr","locations":[{"start":{"line":72,"column":19},"end":{"line":72,"column":28}},{"start":{"line":72,"column":19},"end":{"line":72,"column":28}}]}},"s":{"0":1,"1":1,"2":1,"3":1,"4":1,"5":1,"6":1,"7":1,"8":1,"9":1,"10":3,"11":1},"f":{"0":3,"1":1},"b":{"0":[3,1],"1":[0,3],"2":[3,3],"3":[0,3],"4":[3,3],"5":[0,3],"6":[3,3]}}
,"C:\\Projetos\\Teste\\desafio-aiva\\src\\pages\\User\\User.tsx": {"path":"C:\\Projetos\\Teste\\desafio-aiva\\src\\pages\\User\\User.tsx","statementMap":{"0":{"start":{"line":1,"column":0},"end":{"line":1,"column":36}},"1":{"start":{"line":2,"column":0},"end":{"line":2,"column":42}},"2":{"start":{"line":3,"column":0},"end":{"line":3,"column":40}},"3":{"start":{"line":4,"column":0},"end":{"line":4,"column":50}},"4":{"start":{"line":5,"column":0},"end":{"line":5,"column":46}},"5":{"start":{"line":6,"column":0},"end":{"line":6,"column":47}},"6":{"start":{"line":7,"column":0},"end":{"line":7,"column":32}},"7":{"start":{"line":8,"column":0},"end":{"line":8,"column":48}},"8":{"start":{"line":9,"column":0},"end":{"line":9,"column":47}},"9":{"start":{"line":10,"column":0},"end":{"line":10,"column":51}},"10":{"start":{"line":11,"column":0},"end":{"line":11,"column":47}},"11":{"start":{"line":12,"column":0},"end":{"line":12,"column":51}},"12":{"start":{"line":13,"column":0},"end":{"line":13,"column":60}},"13":{"start":{"line":16,"column":19},"end":{"line":16,"column":32}},"14":{"start":{"line":17,"column":56},"end":{"line":17,"column":72}},"15":{"start":{"line":21,"column":6},"end":{"line":21,"column":16}},"16":{"start":{"line":23,"column":20},"end":{"line":25,"column":3}},"17":{"start":{"line":24,"column":4},"end":{"line":24,"column":26}},"18":{"start":{"line":27,"column":24},"end":{"line":39,"column":21}},"19":{"start":{"line":28,"column":4},"end":{"line":38,"column":7}},"20":{"start":{"line":29,"column":19},"end":{"line":29,"column":49}},"21":{"start":{"line":30,"column":20},"end":{"line":30,"column":51}},"22":{"start":{"line":31,"column":19},"end":{"line":31,"column":49}},"23":{"start":{"line":33,"column":6},"end":{"line":37,"column":8}},"24":{"start":{"line":41,"column":2},"end":{"line":41,"column":36}},"25":{"start":{"line":41,"column":17},"end":{"line":41,"column":36}},"26":{"start":{"line":42,"column":2},"end":{"line":42,"column":76}},"27":{"start":{"line":42,"column":13},"end":{"line":42,"column":76}},"28":{"start":{"line":44,"column":2},"end":{"line":74,"column":4}},"29":{"start":{"line":77,"column":0},"end":{"line":77,"column":20}}},"fnMap":{"0":{"name":"User","decl":{"start":{"line":15,"column":9},"end":{"line":15,"column":13}},"loc":{"start":{"line":15,"column":13},"end":{"line":75,"column":1}}},"1":{"name":"(anonymous_2)","decl":{"start":{"line":23,"column":20},"end":{"line":23,"column":23}},"loc":{"start":{"line":23,"column":25},"end":{"line":25,"column":3}}},"2":{"name":"(anonymous_3)","decl":{"start":{"line":27,"column":32},"end":{"line":27,"column":35}},"loc":{"start":{"line":27,"column":37},"end":{"line":39,"column":3}}},"3":{"name":"(anonymous_4)","decl":{"start":{"line":28,"column":31},"end":{"line":28,"column":32}},"loc":{"start":{"line":28,"column":40},"end":{"line":38,"column":5}}}},"branchMap":{"0":{"loc":{"start":{"line":28,"column":12},"end":{"line":28,"column":22}},"type":"binary-expr","locations":[{"start":{"line":28,"column":12},"end":{"line":28,"column":16}},{"start":{"line":28,"column":20},"end":{"line":28,"column":22}}]},"1":{"loc":{"start":{"line":29,"column":19},"end":{"line":29,"column":49}},"type":"binary-expr","locations":[{"start":{"line":29,"column":19},"end":{"line":29,"column":43}},{"start":{"line":29,"column":47},"end":{"line":29,"column":49}}]},"2":{"loc":{"start":{"line":29,"column":19},"end":{"line":29,"column":43}},"type":"cond-expr","locations":[{"start":{"line":29,"column":28},"end":{"line":29,"column":30}},{"start":{"line":29,"column":28},"end":{"line":29,"column":43}}]},"3":{"loc":{"start":{"line":29,"column":19},"end":{"line":29,"column":30}},"type":"binary-expr","locations":[{"start":{"line":29,"column":19},"end":{"line":29,"column":30}},{"start":{"line":29,"column":28},"end":{"line":29,"column":30}}]},"4":{"loc":{"start":{"line":30,"column":20},"end":{"line":30,"column":51}},"type":"binary-expr","locations":[{"start":{"line":30,"column":20},"end":{"line":30,"column":45}},{"start":{"line":30,"column":49},"end":{"line":30,"column":51}}]},"5":{"loc":{"start":{"line":30,"column":20},"end":{"line":30,"column":45}},"type":"cond-expr","locations":[{"start":{"line":30,"column":30},"end":{"line":30,"column":32}},{"start":{"line":30,"column":30},"end":{"line":30,"column":45}}]},"6":{"loc":{"start":{"line":30,"column":20},"end":{"line":30,"column":32}},"type":"binary-expr","locations":[{"start":{"line":30,"column":20},"end":{"line":30,"column":32}},{"start":{"line":30,"column":30},"end":{"line":30,"column":32}}]},"7":{"loc":{"start":{"line":31,"column":19},"end":{"line":31,"column":49}},"type":"binary-expr","locations":[{"start":{"line":31,"column":19},"end":{"line":31,"column":43}},{"start":{"line":31,"column":47},"end":{"line":31,"column":49}}]},"8":{"loc":{"start":{"line":31,"column":19},"end":{"line":31,"column":43}},"type":"cond-expr","locations":[{"start":{"line":31,"column":28},"end":{"line":31,"column":30}},{"start":{"line":31,"column":28},"end":{"line":31,"column":43}}]},"9":{"loc":{"start":{"line":31,"column":19},"end":{"line":31,"column":30}},"type":"binary-expr","locations":[{"start":{"line":31,"column":19},"end":{"line":31,"column":30}},{"start":{"line":31,"column":28},"end":{"line":31,"column":30}}]},"10":{"loc":{"start":{"line":34,"column":8},"end":{"line":36,"column":49}},"type":"binary-expr","locations":[{"start":{"line":34,"column":8},"end":{"line":34,"column":49}},{"start":{"line":35,"column":8},"end":{"line":35,"column":51}},{"start":{"line":36,"column":8},"end":{"line":36,"column":49}}]},"11":{"loc":{"start":{"line":41,"column":2},"end":{"line":41,"column":36}},"type":"if","locations":[{"start":{"line":41,"column":2},"end":{"line":41,"column":36}},{"start":{},"end":{}}]},"12":{"loc":{"start":{"line":42,"column":2},"end":{"line":42,"column":76}},"type":"if","locations":[{"start":{"line":42,"column":2},"end":{"line":42,"column":76}},{"start":{},"end":{}}]},"13":{"loc":{"start":{"line":66,"column":7},"end":{"line":71,"column":null}},"type":"cond-expr","locations":[{"start":{"line":67,"column":8},"end":{"line":67,"column":43}},{"start":{"line":69,"column":8},"end":{"line":69,"column":null}}]}},"s":{"0":1,"1":1,"2":1,"3":1,"4":1,"5":1,"6":1,"7":1,"8":1,"9":1,"10":1,"11":1,"12":1,"13":6,"14":6,"15":6,"16":6,"17":1,"18":6,"19":6,"20":6,"21":6,"22":6,"23":6,"24":6,"25":1,"26":5,"27":1,"28":4,"29":1},"f":{"0":6,"1":1,"2":6,"3":6},"b":{"0":[6,2],"1":[6,0],"2":[0,6],"3":[6,6],"4":[6,0],"5":[0,6],"6":[6,6],"7":[6,0],"8":[0,6],"9":[6,6],"10":[6,6,6],"11":[1,5],"12":[1,4],"13":[3,1]}}
,"C:\\Projetos\\Teste\\desafio-aiva\\src\\pages\\User\\UserForm\\UserForm.tsx": {"path":"C:\\Projetos\\Teste\\desafio-aiva\\src\\pages\\User\\UserForm\\UserForm.tsx","statementMap":{"0":{"start":{"line":21,"column":0},"end":{"line":21,"column":24}},"1":{"start":{"line":1,"column":0},"end":{"line":1,"column":44}},"2":{"start":{"line":2,"column":0},"end":{"line":2,"column":58}},"3":{"start":{"line":3,"column":0},"end":{"line":3,"column":42}},"4":{"start":{"line":4,"column":0},"end":{"line":4,"column":null}},"5":{"start":{"line":14,"column":0},"end":{"line":14,"column":56}},"6":{"start":{"line":15,"column":0},"end":{"line":15,"column":62}},"7":{"start":{"line":16,"column":0},"end":{"line":16,"column":51}},"8":{"start":{"line":18,"column":0},"end":{"line":18,"column":54}},"9":{"start":{"line":19,"column":0},"end":{"line":19,"column":61}},"10":{"start":{"line":22,"column":17},"end":{"line":22,"column":45}},"11":{"start":{"line":23,"column":19},"end":{"line":23,"column":32}},"12":{"start":{"line":24,"column":17},"end":{"line":24,"column":28}},"13":{"start":{"line":26,"column":42},"end":{"line":26,"column":57}},"14":{"start":{"line":28,"column":34},"end":{"line":28,"column":72}},"15":{"start":{"line":28,"column":40},"end":{"line":28,"column":72}},"16":{"start":{"line":28,"column":66},"end":{"line":28,"column":71}},"17":{"start":{"line":30,"column":50},"end":{"line":30,"column":60}},"18":{"start":{"line":38,"column":6},"end":{"line":47,"column":4}},"19":{"start":{"line":49,"column":20},"end":{"line":49,"column":35}},"20":{"start":{"line":51,"column":2},"end":{"line":63,"column":18}},"21":{"start":{"line":52,"column":4},"end":{"line":62,"column":5}},"22":{"start":{"line":53,"column":6},"end":{"line":61,"column":9}},"23":{"start":{"line":54,"column":8},"end":{"line":60,"column":11}},"24":{"start":{"line":65,"column":19},"end":{"line":80,"column":4}},"25":{"start":{"line":65,"column":52},"end":{"line":80,"column":4}},"26":{"start":{"line":66,"column":4},"end":{"line":79,"column":5}},"27":{"start":{"line":67,"column":6},"end":{"line":71,"column":7}},"28":{"start":{"line":68,"column":8},"end":{"line":68,"column":71}},"29":{"start":{"line":70,"column":8},"end":{"line":70,"column":53}},"30":{"start":{"line":72,"column":6},"end":{"line":72,"column":19}},"31":{"start":{"line":74,"column":6},"end":{"line":78,"column":8}},"32":{"start":{"line":82,"column":2},"end":{"line":235,"column":4}},"33":{"start":{"line":218,"column":29},"end":{"line":218,"column":41}}},"fnMap":{"0":{"name":"UserForm","decl":{"start":{"line":21,"column":24},"end":{"line":21,"column":32}},"loc":{"start":{"line":21,"column":32},"end":{"line":236,"column":1}}},"1":{"name":"(anonymous_9)","decl":{"start":{"line":28,"column":34},"end":{"line":28,"column":37}},"loc":{"start":{"line":28,"column":40},"end":{"line":28,"column":72}}},"2":{"name":"(anonymous_10)","decl":{"start":{"line":28,"column":56},"end":{"line":28,"column":57}},"loc":{"start":{"line":28,"column":66},"end":{"line":28,"column":71}}},"3":{"name":"(anonymous_11)","decl":{"start":{"line":51,"column":12},"end":{"line":51,"column":15}},"loc":{"start":{"line":51,"column":17},"end":{"line":63,"column":3}}},"4":{"name":"(anonymous_12)","decl":{"start":{"line":53,"column":47},"end":{"line":53,"column":48}},"loc":{"start":{"line":53,"column":65},"end":{"line":61,"column":7}}},"5":{"name":"(anonymous_13)","decl":{"start":{"line":65,"column":19},"end":{"line":65,"column":26}},"loc":{"start":{"line":65,"column":52},"end":{"line":80,"column":4}}},"6":{"name":"(anonymous_14)","decl":{"start":{"line":65,"column":52},"end":{"line":65,"column":null}},"loc":{"start":{"line":65,"column":52},"end":{"line":80,"column":3}}},"7":{"name":"(anonymous_15)","decl":{"start":{"line":218,"column":23},"end":{"line":218,"column":26}},"loc":{"start":{"line":218,"column":29},"end":{"line":218,"column":41}}}},"branchMap":{"0":{"loc":{"start":{"line":52,"column":4},"end":{"line":62,"column":5}},"type":"if","locations":[{"start":{"line":52,"column":4},"end":{"line":62,"column":5}},{"start":{},"end":{}}]},"1":{"loc":{"start":{"line":67,"column":6},"end":{"line":71,"column":7}},"type":"if","locations":[{"start":{"line":67,"column":6},"end":{"line":71,"column":7}},{"start":{"line":69,"column":13},"end":{"line":71,"column":7}}]},"2":{"loc":{"start":{"line":68,"column":43},"end":{"line":68,"column":55}},"type":"binary-expr","locations":[{"start":{"line":68,"column":43},"end":{"line":68,"column":50}},{"start":{"line":68,"column":54},"end":{"line":68,"column":55}}]},"3":{"loc":{"start":{"line":75,"column":8},"end":{"line":77,"column":29}},"type":"binary-expr","locations":[{"start":{"line":75,"column":8},"end":{"line":75,"column":46}},{"start":{"line":76,"column":10},"end":{"line":76,"column":20}},{"start":{"line":77,"column":10},"end":{"line":77,"column":29}}]},"4":{"loc":{"start":{"line":75,"column":8},"end":{"line":75,"column":46}},"type":"cond-expr","locations":[{"start":{"line":75,"column":34},"end":{"line":75,"column":36}},{"start":{"line":75,"column":34},"end":{"line":75,"column":46}}]},"5":{"loc":{"start":{"line":75,"column":8},"end":{"line":75,"column":36}},"type":"binary-expr","locations":[{"start":{"line":75,"column":8},"end":{"line":75,"column":36}},{"start":{"line":75,"column":34},"end":{"line":75,"column":36}}]},"6":{"loc":{"start":{"line":75,"column":8},"end":{"line":75,"column":34}},"type":"cond-expr","locations":[{"start":{"line":75,"column":25},"end":{"line":75,"column":27}},{"start":{"line":75,"column":25},"end":{"line":75,"column":34}}]},"7":{"loc":{"start":{"line":75,"column":8},"end":{"line":75,"column":27}},"type":"binary-expr","locations":[{"start":{"line":75,"column":8},"end":{"line":75,"column":27}},{"start":{"line":75,"column":25},"end":{"line":75,"column":27}}]},"8":{"loc":{"start":{"line":75,"column":8},"end":{"line":75,"column":25}},"type":"cond-expr","locations":[{"start":{"line":75,"column":19},"end":{"line":75,"column":21}},{"start":{"line":75,"column":19},"end":{"line":75,"column":25}}]},"9":{"loc":{"start":{"line":75,"column":8},"end":{"line":75,"column":21}},"type":"binary-expr","locations":[{"start":{"line":75,"column":8},"end":{"line":75,"column":21}},{"start":{"line":75,"column":19},"end":{"line":75,"column":21}}]},"10":{"loc":{"start":{"line":75,"column":8},"end":{"line":75,"column":19}},"type":"cond-expr","locations":[{"start":{"line":75,"column":9},"end":{"line":75,"column":11}},{"start":{"line":75,"column":8},"end":{"line":75,"column":19}}]},"11":{"loc":{"start":{"line":75,"column":8},"end":{"line":75,"column":11}},"type":"binary-expr","locations":[{"start":{"line":75,"column":8},"end":{"line":75,"column":11}},{"start":{"line":75,"column":8},"end":{"line":75,"column":11}}]},"12":{"loc":{"start":{"line":76,"column":10},"end":{"line":76,"column":20}},"type":"cond-expr","locations":[{"start":{"line":76,"column":11},"end":{"line":76,"column":13}},{"start":{"line":76,"column":10},"end":{"line":76,"column":20}}]},"13":{"loc":{"start":{"line":76,"column":10},"end":{"line":76,"column":13}},"type":"binary-expr","locations":[{"start":{"line":76,"column":10},"end":{"line":76,"column":13}},{"start":{"line":76,"column":10},"end":{"line":76,"column":13}}]},"14":{"loc":{"start":{"line":85,"column":9},"end":{"line":85,"column":42}},"type":"cond-expr","locations":[{"start":{"line":85,"column":18},"end":{"line":85,"column":29}},{"start":{"line":85,"column":32},"end":{"line":85,"column":42}}]},"15":{"loc":{"start":{"line":94,"column":24},"end":{"line":94,"column":44}},"type":"cond-expr","locations":[{"start":{"line":94,"column":35},"end":{"line":94,"column":37}},{"start":{"line":94,"column":35},"end":{"line":94,"column":44}}]},"16":{"loc":{"start":{"line":94,"column":24},"end":{"line":94,"column":37}},"type":"binary-expr","locations":[{"start":{"line":94,"column":24},"end":{"line":94,"column":37}},{"start":{"line":94,"column":35},"end":{"line":94,"column":37}}]},"17":{"loc":{"start":{"line":112,"column":24},"end":{"line":112,"column":45}},"type":"cond-expr","locations":[{"start":{"line":112,"column":36},"end":{"line":112,"column":38}},{"start":{"line":112,"column":36},"end":{"line":112,"column":45}}]},"18":{"loc":{"start":{"line":112,"column":24},"end":{"line":112,"column":38}},"type":"binary-expr","locations":[{"start":{"line":112,"column":24},"end":{"line":112,"column":38}},{"start":{"line":112,"column":36},"end":{"line":112,"column":38}}]},"19":{"loc":{"start":{"line":127,"column":18},"end":{"line":127,"column":52}},"type":"cond-expr","locations":[{"start":{"line":127,"column":33},"end":{"line":127,"column":39}},{"start":{"line":127,"column":42},"end":{"line":127,"column":52}}]},"20":{"loc":{"start":{"line":130,"column":24},"end":{"line":130,"column":48}},"type":"cond-expr","locations":[{"start":{"line":130,"column":39},"end":{"line":130,"column":41}},{"start":{"line":130,"column":39},"end":{"line":130,"column":48}}]},"21":{"loc":{"start":{"line":130,"column":24},"end":{"line":130,"column":41}},"type":"binary-expr","locations":[{"start":{"line":130,"column":24},"end":{"line":130,"column":41}},{"start":{"line":130,"column":39},"end":{"line":130,"column":41}}]},"22":{"loc":{"start":{"line":148,"column":24},"end":{"line":150,"column":50}},"type":"cond-expr","locations":[{"start":{"line":149,"column":28},"end":{"line":149,"column":47}},{"start":{"line":150,"column":28},"end":{"line":150,"column":50}}]},"23":{"loc":{"start":{"line":155,"column":23},"end":{"line":155,"column":72}},"type":"cond-expr","locations":[{"start":{"line":155,"column":38},"end":{"line":155,"column":55}},{"start":{"line":155,"column":58},"end":{"line":155,"column":72}}]},"24":{"loc":{"start":{"line":167,"column":24},"end":{"line":167,"column":44}},"type":"cond-expr","locations":[{"start":{"line":167,"column":35},"end":{"line":167,"column":37}},{"start":{"line":167,"column":35},"end":{"line":167,"column":44}}]},"25":{"loc":{"start":{"line":167,"column":24},"end":{"line":167,"column":37}},"type":"binary-expr","locations":[{"start":{"line":167,"column":24},"end":{"line":167,"column":37}},{"start":{"line":167,"column":35},"end":{"line":167,"column":37}}]},"26":{"loc":{"start":{"line":184,"column":24},"end":{"line":184,"column":46}},"type":"cond-expr","locations":[{"start":{"line":184,"column":37},"end":{"line":184,"column":39}},{"start":{"line":184,"column":37},"end":{"line":184,"column":46}}]},"27":{"loc":{"start":{"line":184,"column":24},"end":{"line":184,"column":39}},"type":"binary-expr","locations":[{"start":{"line":184,"column":24},"end":{"line":184,"column":39}},{"start":{"line":184,"column":37},"end":{"line":184,"column":39}}]},"28":{"loc":{"start":{"line":196,"column":11},"end":{"line":211,"column":null}},"type":"binary-expr","locations":[{"start":{"line":196,"column":11},"end":{"line":196,"column":20}},{"start":{"line":197,"column":12},"end":{"line":210,"column":null}}]}},"s":{"0":1,"1":1,"2":1,"3":1,"4":1,"5":1,"6":1,"7":1,"8":1,"9":1,"10":22,"11":22,"12":22,"13":22,"14":22,"15":2,"16":2,"17":22,"18":22,"19":22,"20":22,"21":7,"22":2,"23":2,"24":22,"25":2,"26":2,"27":2,"28":1,"29":1,"30":2,"31":0,"32":22,"33":1},"f":{"0":22,"1":2,"2":2,"3":7,"4":2,"5":2,"6":2,"7":1},"b":{"0":[2,5],"1":[1,1],"2":[1,1],"3":[0,0,0],"4":[0,0],"5":[0,0],"6":[0,0],"7":[0,0],"8":[0,0],"9":[0,0],"10":[0,0],"11":[0,0],"12":[0,0],"13":[0,0],"14":[7,15],"15":[22,0],"16":[22,22],"17":[22,0],"18":[22,22],"19":[1,21],"20":[22,0],"21":[22,22],"22":[1,21],"23":[1,21],"24":[22,0],"25":[22,22],"26":[22,0],"27":[22,22],"28":[22,6]}}
,"C:\\Projetos\\Teste\\desafio-aiva\\src\\pages\\User\\UserForm\\schemaUser.ts": {"path":"C:\\Projetos\\Teste\\desafio-aiva\\src\\pages\\User\\UserForm\\schemaUser.ts","statementMap":{"0":{"start":{"line":1,"column":0},"end":{"line":1,"column":25}},"1":{"start":{"line":3,"column":13},"end":{"line":9,"column":3}}},"fnMap":{},"branchMap":{},"s":{"0":1,"1":1},"f":{},"b":{}}
,"C:\\Projetos\\Teste\\desafio-aiva\\src\\pages\\User\\components\\UserFilters.tsx": {"path":"C:\\Projetos\\Teste\\desafio-aiva\\src\\pages\\User\\components\\UserFilters.tsx","statementMap":{"0":{"start":{"line":11,"column":0},"end":{"line":11,"column":24}},"1":{"start":{"line":1,"column":0},"end":{"line":1,"column":55}},"2":{"start":{"line":2,"column":0},"end":{"line":2,"column":50}},"3":{"start":{"line":16,"column":2},"end":{"line":49,"column":4}},"4":{"start":{"line":21,"column":25},"end":{"line":21,"column":65}},"5":{"start":{"line":28,"column":25},"end":{"line":28,"column":66}},"6":{"start":{"line":35,"column":25},"end":{"line":35,"column":65}}},"fnMap":{"0":{"name":"UserFilters","decl":{"start":{"line":11,"column":24},"end":{"line":11,"column":35}},"loc":{"start":{"line":15,"column":19},"end":{"line":50,"column":1}}},"1":{"name":"(anonymous_2)","decl":{"start":{"line":21,"column":18},"end":{"line":21,"column":19}},"loc":{"start":{"line":21,"column":25},"end":{"line":21,"column":65}}},"2":{"name":"(anonymous_3)","decl":{"start":{"line":28,"column":18},"end":{"line":28,"column":19}},"loc":{"start":{"line":28,"column":25},"end":{"line":28,"column":66}}},"3":{"name":"(anonymous_4)","decl":{"start":{"line":35,"column":18},"end":{"line":35,"column":19}},"loc":{"start":{"line":35,"column":25},"end":{"line":35,"column":65}}}},"branchMap":{},"s":{"0":1,"1":1,"2":1,"3":5,"4":1,"5":1,"6":1},"f":{"0":5,"1":1,"2":1,"3":1},"b":{}}
,"C:\\Projetos\\Teste\\desafio-aiva\\src\\pages\\User\\components\\UserTable.tsx": {"path":"C:\\Projetos\\Teste\\desafio-aiva\\src\\pages\\User\\components\\UserTable.tsx","statementMap":{"0":{"start":{"line":1,"column":0},"end":{"line":1,"column":76}},"1":{"start":{"line":2,"column":0},"end":{"line":2,"column":null}},"2":{"start":{"line":16,"column":0},"end":{"line":16,"column":48}},"3":{"start":{"line":17,"column":0},"end":{"line":17,"column":52}},"4":{"start":{"line":18,"column":0},"end":{"line":18,"column":47}},"5":{"start":{"line":22,"column":17},"end":{"line":22,"column":27}},"6":{"start":{"line":23,"column":17},"end":{"line":23,"column":27}},"7":{"start":{"line":25,"column":2},"end":{"line":25,"column":61}},"8":{"start":{"line":25,"column":52},"end":{"line":25,"column":61}},"9":{"start":{"line":26,"column":2},"end":{"line":26,"column":37}},"10":{"start":{"line":26,"column":28},"end":{"line":26,"column":37}},"11":{"start":{"line":27,"column":2},"end":{"line":27,"column":38}},"12":{"start":{"line":27,"column":28},"end":{"line":27,"column":38}},"13":{"start":{"line":29,"column":2},"end":{"line":29,"column":51}},"14":{"start":{"line":29,"column":42},"end":{"line":29,"column":51}},"15":{"start":{"line":30,"column":2},"end":{"line":30,"column":32}},"16":{"start":{"line":30,"column":23},"end":{"line":30,"column":32}},"17":{"start":{"line":31,"column":2},"end":{"line":31,"column":33}},"18":{"start":{"line":31,"column":23},"end":{"line":31,"column":33}},"19":{"start":{"line":33,"column":2},"end":{"line":35,"column":3}},"20":{"start":{"line":34,"column":4},"end":{"line":34,"column":14}},"21":{"start":{"line":36,"column":2},"end":{"line":38,"column":3}},"22":{"start":{"line":37,"column":4},"end":{"line":37,"column":13}},"23":{"start":{"line":39,"column":2},"end":{"line":39,"column":11}},"24":{"start":{"line":46,"column":2},"end":{"line":48,"column":53}},"25":{"start":{"line":47,"column":16},"end":{"line":47,"column":51}},"26":{"start":{"line":48,"column":16},"end":{"line":48,"column":52}},"27":{"start":{"line":58,"column":39},"end":{"line":63,"column":2}},"28":{"start":{"line":76,"column":44},"end":{"line":76,"column":49}},"29":{"start":{"line":78,"column":2},"end":{"line":102,"column":4}},"30":{"start":{"line":82,"column":10},"end":{"line":83,"column":null}},"31":{"start":{"line":91,"column":34},"end":{"line":91,"column":67}},"32":{"start":{"line":111,"column":38},"end":{"line":224,"column":1}},"33":{"start":{"line":112,"column":19},"end":{"line":112,"column":32}},"34":{"start":{"line":114,"column":28},"end":{"line":114,"column":50}},"35":{"start":{"line":115,"column":32},"end":{"line":115,"column":61}},"36":{"start":{"line":116,"column":26},"end":{"line":116,"column":37}},"37":{"start":{"line":117,"column":40},"end":{"line":117,"column":52}},"38":{"start":{"line":119,"column":27},"end":{"line":121,"column":3}},"39":{"start":{"line":120,"column":4},"end":{"line":120,"column":21}},"40":{"start":{"line":123,"column":34},"end":{"line":126,"column":3}},"41":{"start":{"line":124,"column":4},"end":{"line":124,"column":53}},"42":{"start":{"line":125,"column":4},"end":{"line":125,"column":15}},"43":{"start":{"line":128,"column":28},"end":{"line":135,"column":3}},"44":{"start":{"line":132,"column":18},"end":{"line":132,"column":57}},"45":{"start":{"line":133,"column":4},"end":{"line":133,"column":37}},"46":{"start":{"line":134,"column":4},"end":{"line":134,"column":25}},"47":{"start":{"line":137,"column":21},"end":{"line":139,"column":3}},"48":{"start":{"line":138,"column":4},"end":{"line":138,"column":28}},"49":{"start":{"line":141,"column":23},"end":{"line":144,"column":3}},"50":{"start":{"line":143,"column":4},"end":{"line":143,"column":31}},"51":{"start":{"line":148,"column":4},"end":{"line":148,"column":71}},"52":{"start":{"line":150,"column":22},"end":{"line":155,"column":null}},"53":{"start":{"line":152,"column":6},"end":{"line":154,"column":68}},"54":{"start":{"line":158,"column":2},"end":{"line":223,"column":4}},"55":{"start":{"line":169,"column":14},"end":{"line":169,"column":null}},"56":{"start":{"line":179,"column":39},"end":{"line":179,"column":58}},"57":{"start":{"line":189,"column":39},"end":{"line":189,"column":60}},"58":{"start":{"line":226,"column":0},"end":{"line":226,"column":25}}},"fnMap":{"0":{"name":"descendingComparator","decl":{"start":{"line":21,"column":9},"end":{"line":21,"column":29}},"loc":{"start":{"line":21,"column":61},"end":{"line":40,"column":1}}},"1":{"name":"getComparator","decl":{"start":{"line":42,"column":9},"end":{"line":42,"column":22}},"loc":{"start":{"line":44,"column":14},"end":{"line":49,"column":1}}},"2":{"name":"(anonymous_3)","decl":{"start":{"line":47,"column":6},"end":{"line":47,"column":7}},"loc":{"start":{"line":47,"column":16},"end":{"line":47,"column":51}}},"3":{"name":"(anonymous_4)","decl":{"start":{"line":48,"column":6},"end":{"line":48,"column":7}},"loc":{"start":{"line":48,"column":16},"end":{"line":48,"column":52}}},"4":{"name":"EnhancedTableHead","decl":{"start":{"line":75,"column":9},"end":{"line":75,"column":26}},"loc":{"start":{"line":75,"column":56},"end":{"line":103,"column":1}}},"5":{"name":"(anonymous_6)","decl":{"start":{"line":81,"column":23},"end":{"line":81,"column":24}},"loc":{"start":{"line":82,"column":10},"end":{"line":83,"column":null}}},"6":{"name":"(anonymous_7)","decl":{"start":{"line":91,"column":23},"end":{"line":91,"column":24}},"loc":{"start":{"line":91,"column":34},"end":{"line":91,"column":67}}},"7":{"name":"(anonymous_8)","decl":{"start":{"line":111,"column":38},"end":{"line":111,"column":39}},"loc":{"start":{"line":111,"column":52},"end":{"line":224,"column":1}}},"8":{"name":"(anonymous_9)","decl":{"start":{"line":119,"column":27},"end":{"line":119,"column":28}},"loc":{"start":{"line":119,"column":59},"end":{"line":121,"column":3}}},"9":{"name":"(anonymous_10)","decl":{"start":{"line":123,"column":34},"end":{"line":123,"column":35}},"loc":{"start":{"line":123,"column":75},"end":{"line":126,"column":3}}},"10":{"name":"(anonymous_11)","decl":{"start":{"line":128,"column":28},"end":{"line":128,"column":null}},"loc":{"start":{"line":131,"column":6},"end":{"line":135,"column":3}}},"11":{"name":"(anonymous_12)","decl":{"start":{"line":137,"column":21},"end":{"line":137,"column":22}},"loc":{"start":{"line":137,"column":36},"end":{"line":139,"column":3}}},"12":{"name":"(anonymous_13)","decl":{"start":{"line":141,"column":23},"end":{"line":141,"column":24}},"loc":{"start":{"line":141,"column":38},"end":{"line":144,"column":3}}},"13":{"name":"(anonymous_14)","decl":{"start":{"line":151,"column":4},"end":{"line":151,"column":7}},"loc":{"start":{"line":152,"column":6},"end":{"line":154,"column":68}}},"14":{"name":"(anonymous_15)","decl":{"start":{"line":168,"column":29},"end":{"line":168,"column":30}},"loc":{"start":{"line":169,"column":14},"end":{"line":169,"column":null}}},"15":{"name":"(anonymous_16)","decl":{"start":{"line":179,"column":33},"end":{"line":179,"column":36}},"loc":{"start":{"line":179,"column":39},"end":{"line":179,"column":58}}},"16":{"name":"(anonymous_17)","decl":{"start":{"line":189,"column":33},"end":{"line":189,"column":36}},"loc":{"start":{"line":189,"column":39},"end":{"line":189,"column":60}}}},"branchMap":{"0":{"loc":{"start":{"line":25,"column":2},"end":{"line":25,"column":61}},"type":"if","locations":[{"start":{"line":25,"column":2},"end":{"line":25,"column":61}},{"start":{},"end":{}}]},"1":{"loc":{"start":{"line":25,"column":6},"end":{"line":25,"column":50}},"type":"binary-expr","locations":[{"start":{"line":25,"column":6},"end":{"line":25,"column":26}},{"start":{"line":25,"column":30},"end":{"line":25,"column":50}}]},"2":{"loc":{"start":{"line":26,"column":2},"end":{"line":26,"column":37}},"type":"if","locations":[{"start":{"line":26,"column":2},"end":{"line":26,"column":37}},{"start":{},"end":{}}]},"3":{"loc":{"start":{"line":27,"column":2},"end":{"line":27,"column":38}},"type":"if","locations":[{"start":{"line":27,"column":2},"end":{"line":27,"column":38}},{"start":{},"end":{}}]},"4":{"loc":{"start":{"line":29,"column":2},"end":{"line":29,"column":51}},"type":"if","locations":[{"start":{"line":29,"column":2},"end":{"line":29,"column":51}},{"start":{},"end":{}}]},"5":{"loc":{"start":{"line":29,"column":6},"end":{"line":29,"column":40}},"type":"binary-expr","locations":[{"start":{"line":29,"column":6},"end":{"line":29,"column":21}},{"start":{"line":29,"column":25},"end":{"line":29,"column":40}}]},"6":{"loc":{"start":{"line":30,"column":2},"end":{"line":30,"column":32}},"type":"if","locations":[{"start":{"line":30,"column":2},"end":{"line":30,"column":32}},{"start":{},"end":{}}]},"7":{"loc":{"start":{"line":31,"column":2},"end":{"line":31,"column":33}},"type":"if","locations":[{"start":{"line":31,"column":2},"end":{"line":31,"column":33}},{"start":{},"end":{}}]},"8":{"loc":{"start":{"line":33,"column":2},"end":{"line":35,"column":3}},"type":"if","locations":[{"start":{"line":33,"column":2},"end":{"line":35,"column":3}},{"start":{},"end":{}}]},"9":{"loc":{"start":{"line":36,"column":2},"end":{"line":38,"column":3}},"type":"if","locations":[{"start":{"line":36,"column":2},"end":{"line":38,"column":3}},{"start":{},"end":{}}]},"10":{"loc":{"start":{"line":46,"column":9},"end":{"line":48,"column":52}},"type":"cond-expr","locations":[{"start":{"line":47,"column":6},"end":{"line":47,"column":51}},{"start":{"line":48,"column":6},"end":{"line":48,"column":52}}]},"11":{"loc":{"start":{"line":84,"column":19},"end":{"line":84,"column":54}},"type":"cond-expr","locations":[{"start":{"line":84,"column":38},"end":{"line":84,"column":45}},{"start":{"line":84,"column":48},"end":{"line":84,"column":54}}]},"12":{"loc":{"start":{"line":85,"column":21},"end":{"line":85,"column":64}},"type":"cond-expr","locations":[{"start":{"line":85,"column":47},"end":{"line":85,"column":53}},{"start":{"line":85,"column":56},"end":{"line":85,"column":64}}]},"13":{"loc":{"start":{"line":86,"column":27},"end":{"line":86,"column":66}},"type":"cond-expr","locations":[{"start":{"line":86,"column":53},"end":{"line":86,"column":58}},{"start":{"line":86,"column":61},"end":{"line":86,"column":66}}]},"14":{"loc":{"start":{"line":90,"column":25},"end":{"line":90,"column":64}},"type":"cond-expr","locations":[{"start":{"line":90,"column":51},"end":{"line":90,"column":56}},{"start":{"line":90,"column":59},"end":{"line":90,"column":64}}]},"15":{"loc":{"start":{"line":132,"column":18},"end":{"line":132,"column":57}},"type":"binary-expr","locations":[{"start":{"line":132,"column":18},"end":{"line":132,"column":38}},{"start":{"line":132,"column":42},"end":{"line":132,"column":57}}]},"16":{"loc":{"start":{"line":133,"column":13},"end":{"line":133,"column":35}},"type":"cond-expr","locations":[{"start":{"line":133,"column":21},"end":{"line":133,"column":27}},{"start":{"line":133,"column":30},"end":{"line":133,"column":35}}]},"17":{"loc":{"start":{"line":148,"column":4},"end":{"line":148,"column":71}},"type":"cond-expr","locations":[{"start":{"line":148,"column":15},"end":{"line":148,"column":67}},{"start":{"line":148,"column":70},"end":{"line":148,"column":71}}]},"18":{"loc":{"start":{"line":201,"column":13},"end":{"line":208,"column":null}},"type":"binary-expr","locations":[{"start":{"line":201,"column":13},"end":{"line":201,"column":26}},{"start":{"line":202,"column":14},"end":{"line":207,"column":null}}]}},"s":{"0":1,"1":1,"2":1,"3":1,"4":1,"5":9,"6":9,"7":9,"8":0,"9":9,"10":0,"11":9,"12":0,"13":9,"14":0,"15":9,"16":0,"17":9,"18":0,"19":9,"20":9,"21":0,"22":0,"23":0,"24":9,"25":0,"26":9,"27":1,"28":9,"29":9,"30":36,"31":1,"32":1,"33":9,"34":9,"35":9,"36":9,"37":9,"38":9,"39":2,"40":9,"41":1,"42":1,"43":9,"44":1,"45":1,"46":1,"47":9,"48":1,"49":9,"50":1,"51":9,"52":9,"53":9,"54":9,"55":16,"56":1,"57":1,"58":1},"f":{"0":9,"1":9,"2":0,"3":9,"4":9,"5":36,"6":1,"7":9,"8":2,"9":1,"10":1,"11":1,"12":1,"13":9,"14":16,"15":1,"16":1},"b":{"0":[0,9],"1":[9,0],"2":[0,9],"3":[0,9],"4":[0,9],"5":[9,0],"6":[0,9],"7":[0,9],"8":[9,0],"9":[0,0],"10":[0,9],"11":[0,36],"12":[0,36],"13":[1,35],"14":[1,35],"15":[1,0],"16":[0,1],"17":[1,8],"18":[9,1]}}
[...]
:{"start":{"line":71,"column":17},"end":{"line":71,"column":34}},"type":"binary-expr","locations":[{"start":{"line":71,"column":17},"end":{"line":71,"column":34}},{"start":{"line":71,"column":31},"end":{"line":71,"column":34}}]},"4":{"loc":{"start":{"line":89,"column":6},"end":{"line":93,"column":7}},"type":"if","locations":[{"start":{"line":89,"column":6},"end":{"line":93,"column":7}},{"start":{"line":91,"column":13},"end":{"line":93,"column":7}}]},"5":{"loc":{"start":{"line":89,"column":10},"end":{"line":89,"column":33}},"type":"binary-expr","locations":[{"start":{"line":89,"column":10},"end":{"line":89,"column":16}},{"start":{"line":89,"column":20},"end":{"line":89,"column":31}}]},"6":{"loc":{"start":{"line":89,"column":20},"end":{"line":89,"column":31}},"type":"cond-expr","locations":[{"start":{"line":89,"column":27},"end":{"line":89,"column":29}},{"start":{"line":89,"column":20},"end":{"line":89,"column":31}}]},"7":{"loc":{"start":{"line":89,"column":20},"end":{"line":89,"column":29}},"type":"binary-expr","locations":[{"start":{"line":89,"column":20},"end":{"line":89,"column":29}},{"start":{"line":89,"column":20},"end":{"line":89,"column":29}}]},"8":{"loc":{"start":{"line":95,"column":6},"end":{"line":95,"column":19}},"type":"cond-expr","locations":[{"start":{"line":95,"column":15},"end":{"line":95,"column":19}},{"start":{"line":95,"column":6},"end":{"line":95,"column":19}}]},"9":{"loc":{"start":{"line":95,"column":6},"end":{"line":95,"column":19}},"type":"binary-expr","locations":[{"start":{"line":95,"column":6},"end":{"line":95,"column":19}},{"start":{"line":95,"column":6},"end":{"line":95,"column":19}}]},"10":{"loc":{"start":{"line":98,"column":8},"end":{"line":100,"column":32}},"type":"binary-expr","locations":[{"start":{"line":98,"column":8},"end":{"line":98,"column":46}},{"start":{"line":99,"column":10},"end":{"line":99,"column":20}},{"start":{"line":100,"column":10},"end":{"line":100,"column":32}}]},"11":{"loc":{"start":{"line":98,"column":8},"end":{"line":98,"column":46}},"type":"cond-expr","locations":[{"start":{"line":98,"column":34},"end":{"line":98,"column":36}},{"start":{"line":98,"column":34},"end":{"line":98,"column":46}}]},"12":{"loc":{"start":{"line":98,"column":8},"end":{"line":98,"column":36}},"type":"binary-expr","locations":[{"start":{"line":98,"column":8},"end":{"line":98,"column":36}},{"start":{"line":98,"column":34},"end":{"line":98,"column":36}}]},"13":{"loc":{"start":{"line":98,"column":8},"end":{"line":98,"column":34}},"type":"cond-expr","locations":[{"start":{"line":98,"column":25},"end":{"line":98,"column":27}},{"start":{"line":98,"column":25},"end":{"line":98,"column":34}}]},"14":{"loc":{"start":{"line":98,"column":8},"end":{"line":98,"column":27}},"type":"binary-expr","locations":[{"start":{"line":98,"column":8},"end":{"line":98,"column":27}},{"start":{"line":98,"column":25},"end":{"line":98,"column":27}}]},"15":{"loc":{"start":{"line":98,"column":8},"end":{"line":98,"column":25}},"type":"cond-expr","locations":[{"start":{"line":98,"column":19},"end":{"line":98,"column":21}},{"start":{"line":98,"column":19},"end":{"line":98,"column":25}}]},"16":{"loc":{"start":{"line":98,"column":8},"end":{"line":98,"column":21}},"type":"binary-expr","locations":[{"start":{"line":98,"column":8},"end":{"line":98,"column":21}},{"start":{"line":98,"column":19},"end":{"line":98,"column":21}}]},"17":{"loc":{"start":{"line":98,"column":8},"end":{"line":98,"column":19}},"type":"cond-expr","locations":[{"start":{"line":98,"column":9},"end":{"line":98,"column":11}},{"start":{"line":98,"column":8},"end":{"line":98,"column":19}}]},"18":{"loc":{"start":{"line":98,"column":8},"end":{"line":98,"column":11}},"type":"binary-expr","locations":[{"start":{"line":98,"column":8},"end":{"line":98,"column":11}},{"start":{"line":98,"column":8},"end":{"line":98,"column":11}}]},"19":{"loc":{"start":{"line":99,"column":10},"end":{"line":99,"column":20}},"type":"cond-expr","locations":[{"start":{"line":99,"column":11},"end":{"line":99,"column":13}},{"start":{"line":99,"column":10},"end":{"line":99,"column":20}}]},"20":{"loc":{"start":{"line":99,"column":10},"end":{"line":99,"column":13}},"type":"binary-expr","locations":[{"start":{"line":99,"column":10},"end":{"line":99,"column":13}},{"start":{"line":99,"column":10},"end":{"line":99,"column":13}}]},"21":{"loc":{"start":{"line":114,"column":9},"end":{"line":114,"column":48}},"type":"cond-expr","locations":[{"start":{"line":114,"column":18},"end":{"line":114,"column":32}},{"start":{"line":114,"column":35},"end":{"line":114,"column":48}}]},"22":{"loc":{"start":{"line":120,"column":13},"end":{"line":123,"column":null}},"type":"binary-expr","locations":[{"start":{"line":120,"column":13},"end":{"line":120,"column":25}},{"start":{"line":121,"column":14},"end":{"line":122,"column":null}}]},"23":{"loc":{"start":{"line":131,"column":26},"end":{"line":131,"column":47}},"type":"cond-expr","locations":[{"start":{"line":131,"column":38},"end":{"line":131,"column":40}},{"start":{"line":131,"column":38},"end":{"line":131,"column":47}}]},"24":{"loc":{"start":{"line":131,"column":26},"end":{"line":131,"column":40}},"type":"binary-expr","locations":[{"start":{"line":131,"column":26},"end":{"line":131,"column":40}},{"start":{"line":131,"column":38},"end":{"line":131,"column":40}}]},"25":{"loc":{"start":{"line":150,"column":26},"end":{"line":150,"column":47}},"type":"cond-expr","locations":[{"start":{"line":150,"column":38},"end":{"line":150,"column":40}},{"start":{"line":150,"column":38},"end":{"line":150,"column":47}}]},"26":{"loc":{"start":{"line":150,"column":26},"end":{"line":150,"column":40}},"type":"binary-expr","locations":[{"start":{"line":150,"column":26},"end":{"line":150,"column":40}},{"start":{"line":150,"column":38},"end":{"line":150,"column":40}}]},"27":{"loc":{"start":{"line":169,"column":26},"end":{"line":169,"column":53}},"type":"cond-expr","locations":[{"start":{"line":169,"column":44},"end":{"line":169,"column":46}},{"start":{"line":169,"column":44},"end":{"line":169,"column":53}}]},"28":{"loc":{"start":{"line":169,"column":26},"end":{"line":169,"column":46}},"type":"binary-expr","locations":[{"start":{"line":169,"column":26},"end":{"line":169,"column":46}},{"start":{"line":169,"column":44},"end":{"line":169,"column":46}}]},"29":{"loc":{"start":{"line":189,"column":26},"end":{"line":189,"column":48}},"type":"cond-expr","locations":[{"start":{"line":189,"column":39},"end":{"line":189,"column":41}},{"start":{"line":189,"column":39},"end":{"line":189,"column":48}}]},"30":{"loc":{"start":{"line":189,"column":26},"end":{"line":189,"column":41}},"type":"binary-expr","locations":[{"start":{"line":189,"column":26},"end":{"line":189,"column":41}},{"start":{"line":189,"column":39},"end":{"line":189,"column":41}}]},"31":{"loc":{"start":{"line":202,"column":13},"end":{"line":217,"column":null}},"type":"binary-expr","locations":[{"start":{"line":202,"column":13},"end":{"line":202,"column":21}},{"start":{"line":203,"column":14},"end":{"line":216,"column":null}}]},"32":{"loc":{"start":{"line":236,"column":27},"end":{"line":236,"column":44}},"type":"cond-expr","locations":[{"start":{"line":236,"column":38},"end":{"line":236,"column":42}},{"start":{"line":236,"column":42},"end":{"line":236,"column":44}}]},"33":{"loc":{"start":{"line":236,"column":27},"end":{"line":236,"column":42}},"type":"binary-expr","locations":[{"start":{"line":236,"column":27},"end":{"line":236,"column":42}},{"start":{"line":236,"column":38},"end":{"line":236,"column":42}}]},"34":{"loc":{"start":{"line":240,"column":21},"end":{"line":244,"column":22}},"type":"cond-expr","locations":[{"start":{"line":240,"column":31},"end":{"line":240,"column":33}},{"start":{"line":240,"column":21},"end":{"line":244,"column":22}}]},"35":{"loc":{"start":{"line":240,"column":21},"end":{"line":240,"column":33}},"type":"binary-expr","locations":[{"start":{"line":240,"column":21},"end":{"line":240,"column":33}},{"start":{"line":240,"column":21},"end":{"line":240,"column":33}}]},"36":{"loc":{"start":{"line":249,"column":17},"end":{"line":249,"column":43}},"type":"cond-expr","locations":[{"start":{"line":249,"column":34},"end":{"line":249,"column":36}},{"start":{"line":249,"column":34},"end":{"line":249,"column":43}}]},"37":{"loc":{"start":{"line":249,"column":17},"end":{"line":249,"column":36}},"type":"binary-expr","locations":[{"start":{"line":249,"column":17},"end":{"line":249,"column":36}},{"start":{"line":249,"column":34},"end":{"line":249,"column":36}}]},"38":{"loc":{"start":{"line":265,"column":14},"end":{"line":267,"column":22}},"type":"cond-expr","locations":[{"start":{"line":266,"column":16},"end":{"line":266,"column":62}},{"start":{"line":267,"column":18},"end":{"line":267,"column":22}}]}},"s":{"0":1,"1":1,"2":1,"3":1,"4":1,"5":1,"6":1,"7":1,"8":1,"9":1,"10":1,"11":1,"12":1,"13":1,"14":1,"15":1,"16":1,"17":1,"18":26,"19":26,"20":26,"21":26,"22":26,"23":26,"24":26,"25":8,"26":2,"27":6,"28":8,"29":26,"30":3,"31":3,"32":3,"33":3,"34":1,"35":2,"36":2,"37":2,"38":1,"39":26,"40":19,"41":2,"42":38},"f":{"0":26,"1":8,"2":3,"3":3,"4":19,"5":2,"6":38},"b":{"0":[2,6],"1":[2,0],"2":[0,2],"3":[2,2],"4":[1,2],"5":[3,1],"6":[0,1],"7":[1,1],"8":[0,2],"9":[2,2],"10":[1,1,0],"11":[1,0],"12":[1,1],"13":[1,0],"14":[1,1],"15":[1,0],"16":[1,1],"17":[0,1],"18":[1,1],"19":[0,1],"20":[1,1],"21":[6,20],"22":[26,1],"23":[25,1],"24":[26,26],"25":[26,0],"26":[26,26],"27":[25,1],"28":[26,26],"29":[25,1],"30":[26,26],"31":[26,10],"32":[10,9],"33":[19,19],"34":[0,19],"35":[19,19],"36":[25,1],"37":[26,26],"38":[4,22]}}
,"C:\\Projetos\\Teste\\desafio-aiva\\src\\pages\\product\\ProductDetail\\schemaProduct.ts": {"path":"C:\\Projetos\\Teste\\desafio-aiva\\src\\pages\\product\\ProductDetail\\schemaProduct.ts","statementMap":{"0":{"start":{"line":1,"column":0},"end":{"line":1,"column":24}},"1":{"start":{"line":3,"column":13},"end":{"line":13,"column":3}}},"fnMap":{},"branchMap":{},"s":{"0":1,"1":1},"f":{},"b":{}}
,"C:\\Projetos\\Teste\\desafio-aiva\\src\\services\\auth.services.ts": {"path":"C:\\Projetos\\Teste\\desafio-aiva\\src\\services\\auth.services.ts","statementMap":{"0":{"start":{"line":1,"column":0},"end":{"line":1,"column":35}},"1":{"start":{"line":3,"column":13},"end":{"line":24,"column":2}},"2":{"start":{"line":4,"column":14},"end":{"line":11,"column":null}},"3":{"start":{"line":5,"column":21},"end":{"line":8,"column":6}},"4":{"start":{"line":10,"column":4},"end":{"line":10,"column":25}},"5":{"start":{"line":14,"column":21},"end":{"line":14,"column":51}},"6":{"start":{"line":15,"column":4},"end":{"line":15,"column":25}},"7":{"start":{"line":19,"column":21},"end":{"line":21,"column":6}},"8":{"start":{"line":22,"column":4},"end":{"line":22,"column":25}}},"fnMap":{"0":{"name":"(anonymous_7)","decl":{"start":{"line":4,"column":8},"end":{"line":4,"column":13}},"loc":{"start":{"line":4,"column":13},"end":{"line":11,"column":null}}},"1":{"name":"(anonymous_8)","decl":{"start":{"line":4,"column":14},"end":{"line":4,"column":16}},"loc":{"start":{"line":4,"column":70},"end":{"line":11,"column":3}}},"2":{"name":"(anonymous_9)","decl":{"start":{"line":13,"column":8},"end":{"line":13,"column":15}},"loc":{"start":{"line":13,"column":15},"end":{"line":16,"column":null}}},"3":{"name":"(anonymous_11)","decl":{"start":{"line":18,"column":8},"end":{"line":18,"column":20}},"loc":{"start":{"line":18,"column":42},"end":{"line":23,"column":null}}}},"branchMap":{},"s":{"0":6,"1":6,"2":0,"3":0,"4":0,"5":0,"6":0,"7":0,"8":0},"f":{"0":0,"1":0,"2":0,"3":0},"b":{}}
,"C:\\Projetos\\Teste\\desafio-aiva\\src\\services\\categories.service.ts": {"path":"C:\\Projetos\\Teste\\desafio-aiva\\src\\services\\categories.service.ts","statementMap":{"0":{"start":{"line":1,"column":0},"end":{"line":1,"column":35}},"1":{"start":{"line":4,"column":13},"end":{"line":29,"column":2}},"2":{"start":{"line":6,"column":21},"end":{"line":6,"column":64}},"3":{"start":{"line":7,"column":4},"end":{"line":7,"column":25}},"4":{"start":{"line":11,"column":21},"end":{"line":11,"column":68}},"5":{"start":{"line":12,"column":4},"end":{"line":12,"column":25}},"6":{"start":{"line":16,"column":21},"end":{"line":16,"column":56}},"7":{"start":{"line":17,"column":4},"end":{"line":17,"column":25}},"8":{"start":{"line":21,"column":21},"end":{"line":21,"column":61}},"9":{"start":{"line":22,"column":4},"end":{"line":22,"column":25}},"10":{"start":{"line":26,"column":21},"end":{"line":26,"column":58}},"11":{"start":{"line":27,"column":4},"end":{"line":27,"column":25}}},"fnMap":{"0":{"name":"(anonymous_7)","decl":{"start":{"line":5,"column":8},"end":{"line":5,"column":14}},"loc":{"start":{"line":5,"column":14},"end":{"line":8,"column":null}}},"1":{"name":"(anonymous_9)","decl":{"start":{"line":10,"column":8},"end":{"line":10,"column":15}},"loc":{"start":{"line":10,"column":26},"end":{"line":13,"column":null}}},"2":{"name":"(anonymous_11)","decl":{"start":{"line":15,"column":8},"end":{"line":15,"column":14}},"loc":{"start":{"line":15,"column":41},"end":{"line":18,"column":null}}},"3":{"name":"(anonymous_13)","decl":{"start":{"line":20,"column":8},"end":{"line":20,"column":14}},"loc":{"start":{"line":20,"column":53},"end":{"line":23,"column":null}}},"4":{"name":"(anonymous_15)","decl":{"start":{"line":25,"column":8},"end":{"line":25,"column":14}},"loc":{"start":{"line":25,"column":25},"end":{"line":28,"column":null}}}},"branchMap":{},"s":{"0":1,"1":1,"2":0,"3":0,"4":0,"5":0,"6":0,"7":0,"8":0,"9":0,"10":0,"11":0},"f":{"0":0,"1":0,"2":0,"3":0,"4":0},"b":{}}
,"C:\\Projetos\\Teste\\desafio-aiva\\src\\services\\products.service.ts": {"path":"C:\\Projetos\\Teste\\desafio-aiva\\src\\services\\products.service.ts","statementMap":{"0":{"start":{"line":1,"column":0},"end":{"line":1,"column":35}},"1":{"start":{"line":4,"column":13},"end":{"line":29,"column":2}},"2":{"start":{"line":6,"column":21},"end":{"line":6,"column":61}},"3":{"start":{"line":7,"column":4},"end":{"line":7,"column":25}},"4":{"start":{"line":11,"column":21},"end":{"line":11,"column":65}},"5":{"start":{"line":12,"column":4},"end":{"line":12,"column":25}},"6":{"start":{"line":16,"column":21},"end":{"line":16,"column":57}},"7":{"start":{"line":17,"column":4},"end":{"line":17,"column":25}},"8":{"start":{"line":21,"column":21},"end":{"line":21,"column":62}},"9":{"start":{"line":22,"column":4},"end":{"line":22,"column":25}},"10":{"start":{"line":26,"column":21},"end":{"line":26,"column":56}},"11":{"start":{"line":27,"column":4},"end":{"line":27,"column":25}}},"fnMap":{"0":{"name":"(anonymous_7)","decl":{"start":{"line":5,"column":8},"end":{"line":5,"column":14}},"loc":{"start":{"line":5,"column":14},"end":{"line":8,"column":null}}},"1":{"name":"(anonymous_9)","decl":{"start":{"line":10,"column":8},"end":{"line":10,"column":15}},"loc":{"start":{"line":10,"column":26},"end":{"line":13,"column":null}}},"2":{"name":"(anonymous_11)","decl":{"start":{"line":15,"column":8},"end":{"line":15,"column":14}},"loc":{"start":{"line":15,"column":43},"end":{"line":18,"column":null}}},"3":{"name":"(anonymous_13)","decl":{"start":{"line":20,"column":8},"end":{"line":20,"column":14}},"loc":{"start":{"line":20,"column":55},"end":{"line":23,"column":null}}},"4":{"name":"(anonymous_15)","decl":{"start":{"line":25,"column":8},"end":{"line":25,"column":14}},"loc":{"start":{"line":25,"column":25},"end":{"line":28,"column":null}}}},"branchMap":{},"s":{"0":2,"1":2,"2":0,"3":0,"4":0,"5":0,"6":0,"7":0,"8":0,"9":0,"10":0,"11":0},"f":{"0":0,"1":0,"2":0,"3":0,"4":0},"b":{}}
,"C:\\Projetos\\Teste\\desafio-aiva\\src\\services\\users.service.ts": {"path":"C:\\Projetos\\Teste\\desafio-aiva\\src\\services\\users.service.ts","statementMap":{"0":{"start":{"line":1,"column":0},"end":{"line":1,"column":35}},"1":{"start":{"line":4,"column":13},"end":{"line":29,"column":2}},"2":{"start":{"line":6,"column":21},"end":{"line":6,"column":55}},"3":{"start":{"line":7,"column":4},"end":{"line":7,"column":25}},"4":{"start":{"line":11,"column":21},"end":{"line":11,"column":59}},"5":{"start":{"line":12,"column":4},"end":{"line":12,"column":25}},"6":{"start":{"line":16,"column":21},"end":{"line":16,"column":51}},"7":{"start":{"line":17,"column":4},"end":{"line":17,"column":25}},"8":{"start":{"line":21,"column":21},"end":{"line":21,"column":56}},"9":{"start":{"line":22,"column":4},"end":{"line":22,"column":25}},"10":{"start":{"line":26,"column":21},"end":{"line":26,"column":53}},"11":{"start":{"line":27,"column":4},"end":{"line":27,"column":25}}},"fnMap":{"0":{"name":"(anonymous_7)","decl":{"start":{"line":5,"column":8},"end":{"line":5,"column":14}},"loc":{"start":{"line":5,"column":14},"end":{"line":8,"column":null}}},"1":{"name":"(anonymous_9)","decl":{"start":{"line":10,"column":8},"end":{"line":10,"column":15}},"loc":{"start":{"line":10,"column":26},"end":{"line":13,"column":null}}},"2":{"name":"(anonymous_11)","decl":{"start":{"line":15,"column":8},"end":{"line":15,"column":14}},"loc":{"start":{"line":15,"column":37},"end":{"line":18,"column":null}}},"3":{"name":"(anonymous_13)","decl":{"start":{"line":20,"column":8},"end":{"line":20,"column":14}},"loc":{"start":{"line":20,"column":49},"end":{"line":23,"column":null}}},"4":{"name":"(anonymous_15)","decl":{"start":{"line":25,"column":8},"end":{"line":25,"column":14}},"loc":{"start":{"line":25,"column":25},"end":{"line":28,"column":null}}}},"branchMap":{},"s":{"0":2,"1":2,"2":0,"3":0,"4":0,"5":0,"6":0,"7":0,"8":0,"9":0,"10":0,"11":0},"f":{"0":0,"1":0,"2":0,"3":0,"4":0},"b":{}}
,"C:\\Projetos\\Teste\\desafio-aiva\\src\\store\\auth.ts": {"path":"C:\\Projetos\\Teste\\desafio-aiva\\src\\store\\auth.ts","statementMap":{"0":{"start":{"line":1,"column":0},"end":{"line":1,"column":33}},"1":{"start":{"line":2,"column":0},"end":{"line":2,"column":45}},"2":{"start":{"line":19,"column":21},"end":{"line":23,"column":2}},"3":{"start":{"line":25,"column":13},"end":{"line":50,"column":2}},"4":{"start":{"line":27,"column":13},"end":{"line":39,"column":null}},"5":{"start":{"line":30,"column":8},"end":{"line":30,"column":47}},"6":{"start":{"line":34,"column":8},"end":{"line":34,"column":22}},"7":{"start":{"line":38,"column":8},"end":{"line":38,"column":26}},"8":{"start":{"line":43,"column":30},"end":{"line":47,"column":8}},"9":{"start":{"line":52,"column":15},"end":{"line":52,"column":45}},"10":{"start":{"line":53,"column":13},"end":{"line":53,"column":41}},"11":{"start":{"line":55,"column":0},"end":{"line":57,"column":1}},"12":{"start":{"line":56,"column":2},"end":{"line":56,"column":56}},"13":{"start":{"line":58,"column":0},"end":{"line":60,"column":1}},"14":{"start":{"line":59,"column":2},"end":{"line":59,"column":52}}},"fnMap":{"0":{"name":"(anonymous_0)","decl":{"start":{"line":27,"column":4},"end":{"line":27,"column":5}},"loc":{"start":{"line":27,"column":13},"end":{"line":39,"column":null}}},"1":{"name":"(anonymous_1)","decl":{"start":{"line":29,"column":17},"end":{"line":29,"column":18}},"loc":{"start":{"line":29,"column":28},"end":{"line":31,"column":7}}},"2":{"name":"(anonymous_2)","decl":{"start":{"line":33,"column":15},"end":{"line":33,"column":16}},"loc":{"start":{"line":33,"column":24},"end":{"line":35,"column":7}}},"3":{"name":"(anonymous_3)","decl":{"start":{"line":37,"column":15},"end":{"line":37,"column":18}},"loc":{"start":{"line":37,"column":20},"end":{"line":39,"column":7}}},"4":{"name":"(anonymous_4)","decl":{"start":{"line":43,"column":18},"end":{"line":43,"column":19}},"loc":{"start":{"line":43,"column":30},"end":{"line":47,"column":8}}}},"branchMap":{"0":{"loc":{"start":{"line":55,"column":0},"end":{"line":57,"column":1}},"type":"if","locations":[{"start":{"line":55,"column":0},"end":{"line":57,"column":1}},{"start":{},"end":{}}]},"1":{"loc":{"start":{"line":58,"column":0},"end":{"line":60,"column":1}},"type":"if","locations":[{"start":{"line":58,"column":0},"end":{"line":60,"column":1}},{"start":{},"end":{}}]}},"s":{"0":5,"1":5,"2":5,"3":5,"4":5,"5":0,"6":0,"7":0,"8":0,"9":5,"10":5,"11":5,"12":0,"13":5,"14":0},"f":{"0":5,"1":0,"2":0,"3":0,"4":0},"b":{"0":[0,5],"1":[0,5]}}
}
