TN:
SF:src\api\axios.ts
FN:18,getTokenExp
FN:29,(anonymous_9)
FN:29,(anonymous_10)
FN:43,(anonymous_11)
FN:48,(anonymous_12)
FN:71,(anonymous_13)
FN:72,(anonymous_14)
FN:72,(anonymous_15)
FNF:8
FNH:0
FNDA:0,getTokenExp
FNDA:0,(anonymous_9)
FNDA:0,(anonymous_10)
FNDA:0,(anonymous_11)
FNDA:0,(anonymous_12)
FNDA:0,(anonymous_13)
FNDA:0,(anonymous_14)
FNDA:0,(anonymous_15)
DA:1,6
DA:2,6
DA:3,6
DA:4,6
DA:6,6
DA:16,6
DA:19,0
DA:20,0
DA:21,0
DA:23,0
DA:27,6
DA:29,6
DA:30,0
DA:31,0
DA:32,0
DA:34,0
DA:35,0
DA:36,0
DA:39,0
DA:41,0
DA:42,0
DA:44,0
DA:45,0
DA:46,0
DA:49,0
DA:54,0
DA:58,0
DA:60,0
DA:61,0
DA:63,0
DA:67,0
DA:70,6
DA:71,0
DA:72,0
DA:73,0
LF:35
LH:9
BRDA:21,0,0,0
BRDA:21,0,1,0
BRDA:31,1,0,0
BRDA:31,1,1,0
BRDA:31,2,0,0
BRDA:31,2,1,0
BRDA:32,3,0,0
BRDA:32,3,1,0
BRDA:32,4,0,0
BRDA:32,4,1,0
BRDA:34,5,0,0
BRDA:34,5,1,0
BRDA:39,6,0,0
BRDA:39,6,1,0
BRDA:39,7,0,0
BRDA:39,7,1,0
BRDA:39,7,2,0
BRDA:41,8,0,0
BRDA:41,8,1,0
BRDA:58,9,0,0
BRDA:58,9,1,0
BRDA:58,10,0,0
BRDA:58,10,1,0
BRDA:60,11,0,0
BRDA:60,11,1,0
BRDA:60,12,0,0
BRDA:60,12,1,0
BRF:27
BRH:0
end_of_record
TN:
SF:src\auth\SignInDialog.tsx
FN:17,SignInDialog
FN:18,(anonymous_9)
FN:19,(anonymous_10)
FN:31,(anonymous_11)
FN:34,(anonymous_12)
FN:34,(anonymous_13)
FNF:6
FNH:5
FNDA:32,SignInDialog
FNDA:20,(anonymous_9)
FNDA:20,(anonymous_10)
FNDA:0,(anonymous_11)
FNDA:2,(anonymous_12)
FNDA:2,(anonymous_13)
DA:1,2
DA:2,2
DA:3,2
DA:4,2
DA:5,2
DA:6,2
DA:7,2
DA:8,2
DA:9,2
DA:10,2
DA:11,2
DA:12,2
DA:13,2
DA:17,2
DA:18,32
DA:19,32
DA:25,32
DA:27,32
DA:29,32
DA:31,0
DA:34,32
DA:35,2
DA:37,2
DA:38,2
DA:41,2
DA:42,2
DA:45,32
LF:27
LH:26
BRDA:64,0,0,32
BRDA:64,0,1,0
BRDA:76,1,0,32
BRDA:76,1,1,29
BRF:4
BRH:3
end_of_record
TN:
SF:src\components\PageError.tsx
FN:11,PageError
FNF:1
FNH:1
FNDA:1,PageError
DA:1,1
DA:2,1
DA:3,1
DA:4,1
DA:11,1
DA:12,1
LF:6
LH:6
BRDA:31,0,0,1
BRDA:31,0,1,1
BRDA:37,1,0,1
BRDA:37,1,1,0
BRF:4
BRH:3
end_of_record
TN:
SF:src\components\Layout\Header\Header.tsx
FN:19,Header
FN:20,(anonymous_2)
FN:21,(anonymous_3)
FN:27,(anonymous_4)
FN:31,(anonymous_5)
FN:33,(anonymous_6)
FN:38,(anonymous_7)
FN:110,(anonymous_8)
FNF:8
FNH:7
FNDA:13,Header
FNDA:13,(anonymous_2)
FNDA:13,(anonymous_3)
FNDA:4,(anonymous_4)
FNDA:2,(anonymous_5)
FNDA:1,(anonymous_6)
FNDA:1,(anonymous_7)
FNDA:0,(anonymous_8)
DA:1,1
DA:2,1
DA:3,1
DA:4,1
DA:5,1
DA:6,1
DA:7,1
DA:8,1
DA:9,1
DA:10,1
DA:11,1
DA:12,1
DA:13,1
DA:19,1
DA:20,13
DA:21,13
DA:23,13
DA:24,13
DA:26,13
DA:27,4
DA:31,13
DA:33,13
DA:34,1
DA:35,1
DA:38,13
DA:39,1
DA:40,1
DA:43,13
DA:110,0
LF:29
LH:28
BRDA:65,0,0,13
BRDA:65,0,1,6
BRDA:80,1,0,6
BRDA:80,1,1,7
BRDA:82,2,0,6
BRDA:82,2,1,0
BRDA:82,3,0,0
BRDA:82,3,1,6
BRDA:82,4,0,6
BRDA:82,4,1,6
BRDA:101,5,0,7
BRDA:101,5,1,6
BRF:12
BRH:10
end_of_record
TN:
SF:src\components\Layout\Sidebar\Sidebar.tsx
FN:25,(anonymous_1)
FN:63,(anonymous_2)
FNF:2
FNH:2
FNDA:7,(anonymous_1)
FNDA:21,(anonymous_2)
DA:1,1
DA:10,1
DA:11,1
DA:12,1
DA:13,1
DA:15,1
DA:25,1
DA:26,7
DA:27,7
DA:29,7
DA:64,21
DA:65,21
DA:125,1
LF:13
LH:13
BRDA:27,0,0,3
BRDA:27,0,1,4
BRDA:46,1,0,7
BRDA:46,1,1,4
BRDA:89,2,0,9
BRDA:89,2,1,12
BRDA:96,3,0,21
BRDA:96,3,1,12
BRDA:100,4,0,0
BRDA:100,4,1,12
BRDA:115,5,0,7
BRDA:115,5,1,4
BRF:12
BRH:11
end_of_record
TN:
SF:src\hooks\useCategories.ts
FN:4,useCategories
FNF:1
FNH:1
FNDA:11,useCategories
DA:1,1
DA:2,1
DA:4,1
DA:5,11
LF:4
LH:4
BRF:0
BRH:0
end_of_record
TN:
SF:src\hooks\useFilteredProducts.ts
FN:11,useFilteredProducts
FN:16,(anonymous_1)
FN:21,(anonymous_2)
FN:28,(anonymous_3)
FN:29,(anonymous_4)
FN:30,(anonymous_5)
FN:31,(anonymous_6)
FN:32,(anonymous_7)
FNF:8
FNH:2
FNDA:2,useFilteredProducts
FNDA:2,(anonymous_1)
FNDA:0,(anonymous_2)
FNDA:0,(anonymous_3)
FNDA:0,(anonymous_4)
FNDA:0,(anonymous_5)
FNDA:0,(anonymous_6)
FNDA:0,(anonymous_7)
DA:1,1
DA:11,1
DA:16,2
DA:17,2
DA:18,0
DA:20,0
DA:21,0
DA:27,0
DA:28,0
DA:29,0
DA:30,0
DA:31,0
DA:33,0
DA:36,0
LF:14
LH:4
BRDA:17,0,0,2
BRDA:17,0,1,0
BRDA:20,1,0,0
BRDA:20,1,1,0
BRDA:21,2,0,0
BRDA:21,2,1,0
BRDA:21,3,0,0
BRDA:21,3,1,0
BRDA:21,4,0,0
BRDA:21,4,1,0
BRDA:21,5,0,0
BRDA:21,5,1,0
BRDA:33,6,0,0
BRDA:33,6,1,0
BRDA:33,7,0,0
BRDA:33,7,1,0
BRDA:33,8,0,0
BRDA:33,8,1,0
BRDA:33,9,0,0
BRDA:33,9,1,0
BRDA:33,10,0,0
BRDA:33,10,1,0
BRDA:33,11,0,0
BRDA:33,11,1,0
BRF:24
BRH:1
end_of_record
TN:
SF:src\hooks\useProducts.ts
FN:5,useProducts
FN:18,(anonymous_1)
FN:20,(anonymous_2)
FN:26,(anonymous_3)
FN:33,(anonymous_4)
FN:39,(anonymous_5)
FN:40,(anonymous_6)
FNF:7
FNH:0
FNDA:0,useProducts
FNDA:0,(anonymous_1)
FNDA:0,(anonymous_2)
FNDA:0,(anonymous_3)
FNDA:0,(anonymous_4)
FNDA:0,(anonymous_5)
FNDA:0,(anonymous_6)
DA:1,2
DA:2,2
DA:5,2
DA:6,0
DA:8,0
DA:13,0
DA:17,0
DA:19,0
DA:21,0
DA:25,0
DA:32,0
DA:34,0
DA:38,0
DA:39,0
DA:41,0
DA:45,0
LF:16
LH:3
BRF:0
BRH:0
end_of_record
TN:
SF:src\hooks\useUserFilters.ts
FN:15,(anonymous_0)
FN:19,(anonymous_1)
FN:20,(anonymous_2)
FN:28,(anonymous_3)
FNF:4
FNH:0
FNDA:0,(anonymous_0)
FNDA:0,(anonymous_1)
FNDA:0,(anonymous_2)
FNDA:0,(anonymous_3)
DA:1,1
DA:9,1
DA:15,1
DA:16,0
DA:18,0
DA:20,0
DA:28,0
DA:29,0
DA:32,0
LF:9
LH:3
BRF:0
BRH:0
end_of_record
TN:
SF:src\hooks\useUsers.ts
FN:5,useUsers
FN:18,(anonymous_1)
FN:20,(anonymous_2)
FN:26,(anonymous_3)
FN:28,(anonymous_4)
FN:35,(anonymous_5)
FNF:6
FNH:0
FNDA:0,useUsers
FNDA:0,(anonymous_1)
FNDA:0,(anonymous_2)
FNDA:0,(anonymous_3)
FNDA:0,(anonymous_4)
FNDA:0,(anonymous_5)
DA:1,2
DA:2,2
DA:5,2
DA:6,0
DA:8,0
DA:13,0
DA:17,0
DA:19,0
DA:21,0
DA:25,0
DA:27,0
DA:29,0
DA:33,0
DA:36,0
DA:40,0
LF:15
LH:3
BRF:0
BRH:0
end_of_record
TN:
SF:src\pages\Home\Home.tsx
FN:26,Home
FN:69,(anonymous_2)
FN:87,(anonymous_3)
FN:113,(anonymous_4)
FNF:4
FNH:4
FNDA:6,Home
FNDA:1,(anonymous_2)
FNDA:8,(anonymous_3)
FNDA:6,(anonymous_4)
DA:1,1
DA:2,1
DA:3,1
DA:4,1
DA:5,1
DA:6,1
DA:7,1
DA:8,1
DA:9,1
DA:10,1
DA:11,1
DA:12,1
DA:13,1
DA:15,1
DA:16,1
DA:17,1
DA:26,1
DA:27,6
DA:28,6
DA:33,6
DA:35,6
DA:41,6
DA:69,1
DA:88,8
DA:114,6
LF:25
LH:25
BRDA:85,0,0,6
BRDA:85,0,1,1
BRDA:95,1,0,6
BRDA:95,1,1,1
BRDA:97,2,0,1
BRDA:97,2,1,0
BRDA:97,3,0,0
BRDA:97,3,1,1
BRDA:97,4,0,1
BRDA:97,4,1,1
BRDA:102,5,0,6
BRDA:102,5,1,5
BRDA:102,5,2,4
BRDA:117,6,0,4
BRDA:117,6,1,1
BRDA:117,6,2,1
BRF:16
BRH:14
end_of_record
TN:
SF:src\pages\Home\components\CategoryMenu.tsx
FN:16,CategoryMenu
FN:44,(anonymous_2)
FN:66,(anonymous_3)
FN:71,(anonymous_4)
FN:75,(anonymous_5)
FNF:5
FNH:5
FNDA:11,CategoryMenu
FNDA:30,(anonymous_2)
FNDA:1,(anonymous_3)
FNDA:8,(anonymous_4)
FNDA:1,(anonymous_5)
DA:1,1
DA:2,1
DA:3,1
DA:4,1
DA:5,1
DA:6,1
DA:7,1
DA:9,1
DA:16,1
DA:25,11
DA:27,11
DA:45,30
DA:66,1
DA:72,8
DA:75,1
LF:15
LH:15
BRDA:42,0,0,11
BRDA:42,0,1,6
BRDA:60,1,0,11
BRDA:60,1,1,1
BRDA:62,2,0,11
BRDA:62,2,1,5
BRDA:62,2,2,4
BRDA:71,3,0,0
BRDA:71,3,1,4
BRDA:71,4,0,4
BRDA:71,4,1,4
BRDA:76,5,0,2
BRDA:76,5,1,6
BRDA:81,6,0,2
BRDA:81,6,1,6
BRF:15
BRH:14
end_of_record
TN:
SF:src\pages\Home\components\ProductCardHome.tsx
FN:16,ProductCardHome
FN:38,(anonymous_2)
FNF:2
FNH:2
FNDA:3,ProductCardHome
FNDA:1,(anonymous_2)
DA:1,1
DA:2,1
DA:3,1
DA:4,1
DA:5,1
DA:6,1
DA:8,1
DA:9,1
DA:10,1
DA:16,1
DA:17,3
DA:39,1
LF:12
LH:12
BRDA:36,0,0,3
BRDA:36,0,1,1
BRDA:36,1,0,0
BRDA:36,1,1,3
BRDA:36,2,0,3
BRDA:36,2,1,3
BRDA:72,3,0,0
BRDA:72,3,1,3
BRDA:72,4,0,3
BRDA:72,4,1,3
BRDA:72,5,0,0
BRDA:72,5,1,3
BRDA:72,6,0,3
BRDA:72,6,1,3
BRF:14
BRH:11
end_of_record
TN:
SF:src\pages\User\User.tsx
FN:15,User
FN:23,(anonymous_2)
FN:27,(anonymous_3)
FN:28,(anonymous_4)
FNF:4
FNH:4
FNDA:6,User
FNDA:1,(anonymous_2)
FNDA:6,(anonymous_3)
FNDA:6,(anonymous_4)
DA:1,1
DA:2,1
DA:3,1
DA:4,1
DA:5,1
DA:6,1
DA:7,1
DA:8,1
DA:9,1
DA:10,1
DA:11,1
DA:12,1
DA:13,1
DA:16,6
DA:17,6
DA:21,6
DA:23,6
DA:24,1
DA:27,6
DA:28,6
DA:29,6
DA:30,6
DA:31,6
DA:33,6
DA:41,6
DA:42,5
DA:44,4
DA:77,1
LF:28
LH:28
BRDA:28,0,0,6
BRDA:28,0,1,2
BRDA:29,1,0,6
BRDA:29,1,1,0
BRDA:29,2,0,0
BRDA:29,2,1,6
BRDA:29,3,0,6
BRDA:29,3,1,6
BRDA:30,4,0,6
BRDA:30,4,1,0
BRDA:30,5,0,0
BRDA:30,5,1,6
BRDA:30,6,0,6
BRDA:30,6,1,6
BRDA:31,7,0,6
BRDA:31,7,1,0
BRDA:31,8,0,0
BRDA:31,8,1,6
BRDA:31,9,0,6
BRDA:31,9,1,6
BRDA:34,10,0,6
BRDA:34,10,1,6
BRDA:34,10,2,6
BRDA:41,11,0,1
BRDA:41,11,1,5
BRDA:42,12,0,1
BRDA:42,12,1,4
BRDA:66,13,0,3
BRDA:66,13,1,1
BRF:29
BRH:23
end_of_record
TN:
SF:src\pages\User\UserForm\UserForm.tsx
FN:21,UserForm
FN:28,(anonymous_9)
FN:28,(anonymous_10)
FN:51,(anonymous_11)
FN:53,(anonymous_12)
FN:65,(anonymous_13)
FN:65,(anonymous_14)
FN:218,(anonymous_15)
FNF:8
FNH:8
FNDA:22,UserForm
FNDA:2,(anonymous_9)
FNDA:2,(anonymous_10)
FNDA:7,(anonymous_11)
FNDA:2,(anonymous_12)
FNDA:2,(anonymous_13)
FNDA:2,(anonymous_14)
FNDA:1,(anonymous_15)
DA:1,1
DA:2,1
DA:3,1
DA:4,1
DA:14,1
DA:15,1
DA:16,1
DA:18,1
DA:19,1
DA:21,1
DA:22,22
DA:23,22
DA:24,22
DA:26,22
DA:28,22
DA:30,22
DA:38,22
DA:49,22
DA:51,22
DA:52,7
DA:53,2
DA:54,2
DA:65,22
DA:66,2
DA:67,2
DA:68,1
DA:70,1
DA:72,2
DA:74,0
DA:82,22
DA:218,1
LF:31
LH:30
BRDA:52,0,0,2
BRDA:52,0,1,5
BRDA:67,1,0,1
BRDA:67,1,1,1
BRDA:68,2,0,1
BRDA:68,2,1,1
BRDA:75,3,0,0
BRDA:75,3,1,0
BRDA:75,3,2,0
BRDA:75,4,0,0
BRDA:75,4,1,0
BRDA:75,5,0,0
BRDA:75,5,1,0
BRDA:75,6,0,0
BRDA:75,6,1,0
BRDA:75,7,0,0
BRDA:75,7,1,0
BRDA:75,8,0,0
BRDA:75,8,1,0
BRDA:75,9,0,0
BRDA:75,9,1,0
BRDA:75,10,0,0
BRDA:75,10,1,0
BRDA:75,11,0,0
BRDA:75,11,1,0
BRDA:76,12,0,0
BRDA:76,12,1,0
BRDA:76,13,0,0
BRDA:76,13,1,0
BRDA:85,14,0,7
BRDA:85,14,1,15
BRDA:94,15,0,22
BRDA:94,15,1,0
BRDA:94,16,0,22
BRDA:94,16,1,22
BRDA:112,17,0,22
BRDA:112,17,1,0
BRDA:112,18,0,22
BRDA:112,18,1,22
BRDA:127,19,0,1
BRDA:127,19,1,21
BRDA:130,20,0,22
BRDA:130,20,1,0
BRDA:130,21,0,22
BRDA:130,21,1,22
BRDA:148,22,0,1
BRDA:148,22,1,21
BRDA:155,23,0,1
BRDA:155,23,1,21
BRDA:167,24,0,22
BRDA:167,24,1,0
BRDA:167,25,0,22
BRDA:167,25,1,22
BRDA:184,26,0,22
BRDA:184,26,1,0
BRDA:184,27,0,22
BRDA:184,27,1,22
BRDA:196,28,0,22
BRDA:196,28,1,6
BRF:59
BRH:31
end_of_record
TN:
SF:src\pages\User\UserForm\schemaUser.ts
FNF:0
FNH:0
DA:1,1
DA:3,1
LF:2
LH:2
BRF:0
BRH:0
end_of_record
TN:
SF:src\pages\User\components\UserFilters.tsx
FN:11,UserFilters
FN:21,(anonymous_2)
FN:28,(anonymous_3)
FN:35,(anonymous_4)
FNF:4
FNH:4
FNDA:5,UserFilters
FNDA:1,(anonymous_2)
FNDA:1,(anonymous_3)
FNDA:1,(anonymous_4)
DA:1,1
DA:2,1
DA:11,1
DA:16,5
DA:21,1
DA:28,1
DA:35,1
LF:7
LH:7
BRF:0
BRH:0
end_of_record
TN:
SF:src\pages\User\components\UserTable.tsx
FN:21,descendingComparator
FN:42,getComparator
FN:47,(anonymous_3)
FN:48,(anonymous_4)
FN:75,EnhancedTableHead
FN:81,(anonymous_6)
FN:91,(anonymous_7)
FN:111,(anonymous_8)
FN:119,(anonymous_9)
FN:123,(anonymous_10)
FN:128,(anonymous_11)
FN:137,(anonymous_12)
FN:141,(anonymous_13)
FN:151,(anonymous_14)
FN:168,(anonymous_15)
FN:179,(anonymous_16)
FN:189,(anonymous_17)
FNF:17
FNH:16
FNDA:9,descendingComparator
FNDA:9,getComparator
FNDA:0,(anonymous_3)
FNDA:9,(anonymous_4)
FNDA:9,EnhancedTableHead
FNDA:36,(anonymous_6)
FNDA:1,(anonymous_7)
FNDA:9,(anonymous_8)
FNDA:2,(anonymous_9)
FNDA:1,(anonymous_10)
FNDA:1,(anonymous_11)
FNDA:1,(anonymous_12)
FNDA:1,(anonymous_13)
FNDA:9,(anonymous_14)
FNDA:16,(anonymous_15)
FNDA:1,(anonymous_16)
FNDA:1,(anonymous_17)
DA:1,1
DA:2,1
DA:16,1
DA:17,1
DA:18,1
DA:22,9
DA:23,9
DA:25,9
DA:26,9
DA:27,9
DA:29,9
DA:30,9
DA:31,9
DA:33,9
DA:34,9
DA:36,0
DA:37,0
DA:39,0
DA:46,9
DA:47,0
DA:48,9
DA:58,1
DA:76,9
DA:78,9
DA:82,36
DA:91,1
DA:111,1
DA:112,9
DA:114,9
DA:115,9
DA:116,9
DA:117,9
DA:119,9
DA:120,2
DA:123,9
DA:124,1
DA:125,1
DA:128,9
DA:132,1
DA:133,1
DA:134,1
DA:137,9
DA:138,1
DA:141,9
DA:143,1
DA:148,9
DA:150,9
DA:152,9
DA:158,9
DA:169,16
DA:179,1
DA:189,1
DA:226,1
LF:53
LH:49
BRDA:25,0,0,0
BRDA:25,0,1,9
BRDA:25,1,0,9
BRDA:25,1,1,0
BRDA:26,2,0,0
BRDA:26,2,1,9
BRDA:27,3,0,0
BRDA:27,3,1,9
BRDA:29,4,0,0
BRDA:29,4,1,9
BRDA:29,5,0,9
BRDA:29,5,1,0
BRDA:30,6,0,0
BRDA:30,6,1,9
BRDA:31,7,0,0
BRDA:31,7,1,9
BRDA:33,8,0,9
BRDA:33,8,1,0
BRDA:36,9,0,0
BRDA:36,9,1,0
BRDA:46,10,0,0
BRDA:46,10,1,9
BRDA:84,11,0,0
BRDA:84,11,1,36
BRDA:85,12,0,0
BRDA:85,12,1,36
BRDA:86,13,0,1
BRDA:86,13,1,35
BRDA:90,14,0,1
BRDA:90,14,1,35
BRDA:132,15,0,1
BRDA:132,15,1,0
BRDA:133,16,0,0
BRDA:133,16,1,1
BRDA:148,17,0,1
BRDA:148,17,1,8
BRDA:201,18,0,9
BRDA:201,18,1,1
BRF:38
BRH:22
end_of_record
TN:
SF:src\pages\product\Product\Product.tsx
FN:16,ProductGrid
FN:28,(anonymous_9)
FN:33,(anonymous_10)
FN:38,(anonymous_11)
FN:43,(anonymous_12)
FN:43,(anonymous_13)
FN:63,(anonymous_14)
FN:87,(anonymous_15)
FN:107,(anonymous_16)
FNF:9
FNH:7
FNDA:10,ProductGrid
FNDA:0,(anonymous_9)
FNDA:1,(anonymous_10)
FNDA:1,(anonymous_11)
FNDA:2,(anonymous_12)
FNDA:2,(anonymous_13)
FNDA:1,(anonymous_14)
FNDA:16,(anonymous_15)
FNDA:0,(anonymous_16)
DA:1,1
DA:2,1
DA:3,1
DA:4,1
DA:5,1
DA:6,1
DA:7,1
DA:8,1
DA:9,1
DA:10,1
DA:11,1
DA:12,1
DA:14,1
DA:16,1
DA:17,10
DA:18,10
DA:26,10
DA:28,10
DA:29,0
DA:30,0
DA:33,10
DA:34,1
DA:35,1
DA:38,10
DA:39,1
DA:40,1
DA:43,10
DA:44,2
DA:45,1
DA:49,10
DA:63,1
DA:88,16
DA:107,0
LF:33
LH:30
BRDA:44,0,0,1
BRDA:44,0,1,1
BRDA:69,1,0,10
BRDA:69,1,1,1
BRDA:71,2,0,10
BRDA:71,2,1,1
BRDA:87,3,0,2
BRDA:87,3,1,8
BRDA:87,4,0,10
BRDA:87,4,1,10
BRF:10
BRH:10
end_of_record
TN:
SF:src\pages\product\Product\components\ProductCard.tsx
FN:22,ProductCard
FN:41,(anonymous_2)
FN:97,(anonymous_3)
FN:107,(anonymous_4)
FNF:4
FNH:4
FNDA:5,ProductCard
FNDA:1,(anonymous_2)
FNDA:1,(anonymous_3)
FNDA:1,(anonymous_4)
DA:1,1
DA:10,1
DA:11,1
DA:13,1
DA:22,1
DA:28,5
DA:42,1
DA:97,1
DA:107,1
LF:9
LH:9
BRDA:39,0,0,5
BRDA:39,0,1,0
BRDA:39,1,0,0
BRDA:39,1,1,5
BRDA:39,2,0,5
BRDA:39,2,1,5
BRDA:89,3,0,0
BRDA:89,3,1,5
BRDA:89,4,0,5
BRDA:89,4,1,5
BRF:10
BRH:7
end_of_record
TN:
SF:src\pages\product\ProductDetail\ProductDetail.tsx
FN:33,ProductDetail
FN:65,(anonymous_9)
FN:86,(anonymous_10)
FN:86,(anonymous_11)
FN:231,(anonymous_12)
FN:237,(anonymous_13)
FN:240,(anonymous_14)
FNF:7
FNH:7
FNDA:26,ProductDetail
FNDA:8,(anonymous_9)
FNDA:3,(anonymous_10)
FNDA:3,(anonymous_11)
FNDA:19,(anonymous_12)
FNDA:2,(anonymous_13)
FNDA:38,(anonymous_14)
DA:1,1
DA:2,1
DA:3,1
DA:4,1
DA:5,1
DA:6,1
DA:7,1
DA:8,1
DA:9,1
DA:10,1
DA:11,1
DA:12,1
DA:13,1
DA:14,1
DA:16,1
DA:17,1
DA:24,1
DA:33,1
DA:39,26
DA:40,26
DA:41,26
DA:43,26
DA:52,26
DA:63,26
DA:65,26
DA:66,8
DA:67,2
DA:75,6
DA:83,8
DA:86,26
DA:87,3
DA:88,3
DA:89,3
DA:90,1
DA:92,2
DA:94,2
DA:95,2
DA:97,1
DA:105,26
DA:231,19
DA:237,2
DA:241,38
LF:42
LH:42
BRDA:66,0,0,2
BRDA:66,0,1,6
BRDA:71,1,0,2
BRDA:71,1,1,0
BRDA:71,2,0,0
BRDA:71,2,1,2
BRDA:71,3,0,2
BRDA:71,3,1,2
BRDA:89,4,0,1
BRDA:89,4,1,2
BRDA:89,5,0,3
BRDA:89,5,1,1
BRDA:89,6,0,0
BRDA:89,6,1,1
BRDA:89,7,0,1
BRDA:89,7,1,1
BRDA:95,8,0,0
BRDA:95,8,1,2
BRDA:95,9,0,2
BRDA:95,9,1,2
BRDA:98,10,0,1
BRDA:98,10,1,1
BRDA:98,10,2,0
BRDA:98,11,0,1
BRDA:98,11,1,0
BRDA:98,12,0,1
BRDA:98,12,1,1
BRDA:98,13,0,1
BRDA:98,13,1,0
BRDA:98,14,0,1
BRDA:98,14,1,1
BRDA:98,15,0,1
BRDA:98,15,1,0
BRDA:98,16,0,1
BRDA:98,16,1,1
BRDA:98,17,0,0
BRDA:98,17,1,1
BRDA:98,18,0,1
BRDA:98,18,1,1
BRDA:99,19,0,0
BRDA:99,19,1,1
BRDA:99,20,0,1
BRDA:99,20,1,1
BRDA:114,21,0,6
BRDA:114,21,1,20
BRDA:120,22,0,26
BRDA:120,22,1,1
BRDA:131,23,0,25
BRDA:131,23,1,1
BRDA:131,24,0,26
BRDA:131,24,1,26
BRDA:150,25,0,26
BRDA:150,25,1,0
BRDA:150,26,0,26
BRDA:150,26,1,26
BRDA:169,27,0,25
BRDA:169,27,1,1
BRDA:169,28,0,26
BRDA:169,28,1,26
BRDA:189,29,0,25
BRDA:189,29,1,1
BRDA:189,30,0,26
BRDA:189,30,1,26
BRDA:202,31,0,26
BRDA:202,31,1,10
BRDA:236,32,0,10
BRDA:236,32,1,9
BRDA:236,33,0,19
BRDA:236,33,1,19
BRDA:240,34,0,0
BRDA:240,34,1,19
BRDA:240,35,0,19
BRDA:240,35,1,19
BRDA:249,36,0,25
BRDA:249,36,1,1
BRDA:249,37,0,26
BRDA:249,37,1,26
BRDA:265,38,0,4
BRDA:265,38,1,22
BRF:79
BRH:67
end_of_record
TN:
SF:src\pages\product\ProductDetail\schemaProduct.ts
FNF:0
FNH:0
DA:1,1
DA:3,1
LF:2
LH:2
BRF:0
BRH:0
end_of_record
TN:
SF:src\services\auth.services.ts
FN:4,(anonymous_7)
FN:4,(anonymous_8)
FN:13,(anonymous_9)
FN:18,(anonymous_11)
FNF:4
FNH:0
FNDA:0,(anonymous_7)
FNDA:0,(anonymous_8)
FNDA:0,(anonymous_9)
FNDA:0,(anonymous_11)
DA:1,6
DA:3,6
DA:4,0
DA:5,0
DA:10,0
DA:14,0
DA:15,0
DA:19,0
DA:22,0
LF:9
LH:2
BRF:0
BRH:0
end_of_record
TN:
SF:src\services\categories.service.ts
FN:5,(anonymous_7)
FN:10,(anonymous_9)
FN:15,(anonymous_11)
FN:20,(anonymous_13)
FN:25,(anonymous_15)
FNF:5
FNH:0
FNDA:0,(anonymous_7)
FNDA:0,(anonymous_9)
FNDA:0,(anonymous_11)
FNDA:0,(anonymous_13)
FNDA:0,(anonymous_15)
DA:1,1
DA:4,1
DA:6,0
DA:7,0
DA:11,0
DA:12,0
DA:16,0
DA:17,0
DA:21,0
DA:22,0
DA:26,0
DA:27,0
LF:12
LH:2
BRF:0
BRH:0
end_of_record
TN:
SF:src\services\products.service.ts
FN:5,(anonymous_7)
FN:10,(anonymous_9)
FN:15,(anonymous_11)
FN:20,(anonymous_13)
FN:25,(anonymous_15)
FNF:5
FNH:0
FNDA:0,(anonymous_7)
FNDA:0,(anonymous_9)
FNDA:0,(anonymous_11)
FNDA:0,(anonymous_13)
FNDA:0,(anonymous_15)
DA:1,2
DA:4,2
DA:6,0
DA:7,0
DA:11,0
DA:12,0
DA:16,0
DA:17,0
DA:21,0
DA:22,0
DA:26,0
DA:27,0
LF:12
LH:2
BRF:0
BRH:0
end_of_record
TN:
SF:src\services\users.service.ts
FN:5,(anonymous_7)
FN:10,(anonymous_9)
FN:15,(anonymous_11)
FN:20,(anonymous_13)
FN:25,(anonymous_15)
FNF:5
FNH:0
FNDA:0,(anonymous_7)
FNDA:0,(anonymous_9)
FNDA:0,(anonymous_11)
FNDA:0,(anonymous_13)
FNDA:0,(anonymous_15)
DA:1,2
DA:4,2
DA:6,0
DA:7,0
DA:11,0
DA:12,0
DA:16,0
DA:17,0
DA:21,0
DA:22,0
DA:26,0
DA:27,0
LF:12
LH:2
BRF:0
BRH:0
end_of_record
TN:
SF:src\store\auth.ts
FN:27,(anonymous_0)
FN:29,(anonymous_1)
FN:33,(anonymous_2)
FN:37,(anonymous_3)
FN:43,(anonymous_4)
FNF:5
FNH:1
FNDA:5,(anonymous_0)
FNDA:0,(anonymous_1)
FNDA:0,(anonymous_2)
FNDA:0,(anonymous_3)
FNDA:0,(anonymous_4)
DA:1,5
DA:2,5
DA:19,5
DA:25,5
DA:27,5
DA:30,0
DA:34,0
DA:38,0
DA:43,0
DA:52,5
DA:53,5
DA:55,5
DA:56,0
DA:58,5
DA:59,0
LF:15
LH:9
BRDA:55,0,0,0
BRDA:55,0,1,5
BRDA:58,1,0,0
BRDA:58,1,1,5
BRF:4
BRH:2
end_of_record
